
  .   ____          _            __ _ _
 /\\ / ___'_ __ _ _(_)_ __  __ _ \ \ \ \
( ( )\___ | '_ | '_| | '_ \/ _` | \ \ \ \
 \\/  ___)| |_)| | | | | || (_| |  ) ) ) )
  '  |____| .__|_| |_|_| |_\__, | / / / /
 =========|_|==============|___/=/_/_/_/

 :: Spring Boot ::                (v3.4.0)

2026-06-27T22:57:20.037+05:30  INFO 20848 --- [ai-screening-service] [           main] c.t.p.a.AIScreeningApplication           : Starting AIScreeningApplication v0.0.1-SNAPSHOT using Java 17.0.17 with PID 20848 (C:\Users\HP\Downloads\AI_Screeming\ai-screening-service\target\ai-screening-service-0.0.1-SNAPSHOT.jar started by HP in C:\Users\HP\Downloads\AI_Screeming)
2026-06-27T22:57:20.055+05:30  INFO 20848 --- [ai-screening-service] [           main] c.t.p.a.AIScreeningApplication           : No active profile set, falling back to 1 default profile: "default"
2026-06-27T22:57:29.789+05:30  INFO 20848 --- [ai-screening-service] [           main] .s.d.r.c.RepositoryConfigurationDelegate : Bootstrapping Spring Data JPA repositories in DEFAULT mode.
2026-06-27T22:57:30.912+05:30  INFO 20848 --- [ai-screening-service] [           main] .s.d.r.c.RepositoryConfigurationDelegate : Finished Spring Data repository scanning in 1076 ms. Found 2 JPA repository interfaces.
2026-06-27T22:57:36.323+05:30  INFO 20848 --- [ai-screening-service] [           main] o.s.cloud.context.scope.GenericScope     : BeanFactory id=3a130792-30ef-38ee-99b4-e59d42f4e98b
2026-06-27T22:57:51.214+05:30  INFO 20848 --- [ai-screening-service] [           main] o.s.b.w.embedded.tomcat.TomcatWebServer  : Tomcat initialized with port 8075 (http)
2026-06-27T22:57:51.475+05:30  INFO 20848 --- [ai-screening-service] [           main] o.apache.catalina.core.StandardService   : Starting service [Tomcat]
2026-06-27T22:57:51.478+05:30  INFO 20848 --- [ai-screening-service] [           main] o.apache.catalina.core.StandardEngine    : Starting Servlet engine: [Apache Tomcat/10.1.33]
2026-06-27T22:57:51.685+05:30  INFO 20848 --- [ai-screening-service] [           main] o.a.c.c.C.[Tomcat].[localhost].[/]       : Initializing Spring embedded WebApplicationContext
2026-06-27T22:57:51.691+05:30  INFO 20848 --- [ai-screening-service] [           main] w.s.c.ServletWebServerApplicationContext : Root WebApplicationContext: initialization completed in 31323 ms
2026-06-27T22:58:19.792+05:30  INFO 20848 --- [ai-screening-service] [           main] o.hibernate.jpa.internal.util.LogHelper  : HHH000204: Processing PersistenceUnitInfo [name: default]
2026-06-27T22:58:22.000+05:30  INFO 20848 --- [ai-screening-service] [           main] org.hibernate.Version                    : HHH000412: Hibernate ORM core version 6.6.2.Final
2026-06-27T22:58:22.565+05:30  INFO 20848 --- [ai-screening-service] [           main] o.h.c.internal.RegionFactoryInitiator    : HHH000026: Second-level cache disabled
2026-06-27T22:58:27.971+05:30  INFO 20848 --- [ai-screening-service] [           main] o.s.o.j.p.SpringPersistenceUnitInfo      : No LoadTimeWeaver setup: ignoring JPA class transformer
2026-06-27T22:58:28.242+05:30  INFO 20848 --- [ai-screening-service] [           main] com.zaxxer.hikari.HikariDataSource       : HikariPool-1 - Starting...
2026-06-27T22:58:29.835+05:30  INFO 20848 --- [ai-screening-service] [           main] com.zaxxer.hikari.pool.HikariPool        : HikariPool-1 - Added connection org.postgresql.jdbc.PgConnection@4718d320
2026-06-27T22:58:29.842+05:30  INFO 20848 --- [ai-screening-service] [           main] com.zaxxer.hikari.HikariDataSource       : HikariPool-1 - Start completed.
2026-06-27T22:58:31.574+05:30  WARN 20848 --- [ai-screening-service] [           main] org.hibernate.orm.deprecation            : HHH90000025: PostgreSQLDialect does not need to be specified explicitly using 'hibernate.dialect' (remove the property setting and it will be selected by default)
2026-06-27T22:58:32.345+05:30  INFO 20848 --- [ai-screening-service] [           main] org.hibernate.orm.connections.pooling    : HHH10001005: Database info:
	Database JDBC URL [Connecting through datasource 'HikariDataSource (HikariPool-1)']
	Database driver: undefined/unknown
	Database version: 15.4
	Autocommit mode: undefined/unknown
	Isolation level: undefined/unknown
	Minimum pool size: undefined/unknown
	Maximum pool size: undefined/unknown
2026-06-27T22:58:53.328+05:30  INFO 20848 --- [ai-screening-service] [           main] o.h.e.t.j.p.i.JtaPlatformInitiator       : HHH000489: No JTA platform available (set 'hibernate.transaction.jta.platform' to enable JTA platform integration)
2026-06-27T22:58:54.515+05:30  INFO 20848 --- [ai-screening-service] [           main] j.LocalContainerEntityManagerFactoryBean : Initialized JPA EntityManagerFactory for persistence unit 'default'
2026-06-27T22:59:12.137+05:30  INFO 20848 --- [ai-screening-service] [           main] c.t.p.a.config.CircuitBreakerLogConfig   : [Resilience4j] Registering state transition listener for Circuit Breaker: resume-management-service
2026-06-27T22:59:49.907+05:30  WARN 20848 --- [ai-screening-service] [           main] JpaBaseConfiguration$JpaWebConfiguration : spring.jpa.open-in-view is enabled by default. Therefore, database queries may be performed during view rendering. Explicitly configure spring.jpa.open-in-view to disable this warning
2026-06-27T22:59:55.137+05:30  INFO 20848 --- [ai-screening-service] [           main] o.s.c.openfeign.FeignClientFactoryBean   : For 'resume-management-service' URL not provided. Will try picking an instance via load-balancing.
2026-06-27T23:00:00.512+05:30  INFO 20848 --- [ai-screening-service] [           main] o.s.c.openfeign.FeignClientFactoryBean   : For 'candidate-ranking-service' URL not provided. Will try picking an instance via load-balancing.
2026-06-27T23:00:01.625+05:30  INFO 20848 --- [ai-screening-service] [           main] o.s.c.openfeign.FeignClientFactoryBean   : For 'job-description-service' URL not provided. Will try picking an instance via load-balancing.
2026-06-27T23:00:53.179+05:30  INFO 20848 --- [ai-screening-service] [           main] o.s.a.v.pgvector.PgVectorStore           : Using the vector table name: vector_store. Is empty: false
2026-06-27T23:00:53.202+05:30  INFO 20848 --- [ai-screening-service] [           main] o.s.a.v.pgvector.PgVectorStore           : Initializing PGVectorStore schema for table: vector_store in schema: public
2026-06-27T23:00:53.203+05:30  INFO 20848 --- [ai-screening-service] [           main] o.s.a.v.pgvector.PgVectorStore           : vectorTableValidationsEnabled false
2026-06-27T23:01:35.471+05:30  WARN 20848 --- [ai-screening-service] [           main] .s.s.UserDetailsServiceAutoConfiguration : 

Using generated security password: 958fe073-a34e-42c4-aa61-ecfd6d7e1d36

This generated password is for development use only. Your security configuration must be updated before running your application in production.

2026-06-27T23:01:35.664+05:30  INFO 20848 --- [ai-screening-service] [           main] r$InitializeUserDetailsManagerConfigurer : Global AuthenticationManager configured with UserDetailsService bean with name inMemoryUserDetailsManager
2026-06-27T23:01:43.218+05:30  INFO 20848 --- [ai-screening-service] [           main] o.s.b.a.e.web.EndpointLinksResolver      : Exposing 4 endpoints beneath base path '/actuator'
2026-06-27T23:01:55.220+05:30  INFO 20848 --- [ai-screening-service] [           main] DiscoveryClientOptionalArgsConfiguration : Eureka HTTP Client uses RestTemplate.
2026-06-27T23:01:56.074+05:30  WARN 20848 --- [ai-screening-service] [           main] iguration$LoadBalancerCaffeineWarnLogger : Spring Cloud LoadBalancer is currently working with the default cache. While this cache implementation is useful for development and tests, it's recommended to use Caffeine cache in production.You can switch to using Caffeine cache, by adding it and org.springframework.cache.caffeine.CaffeineCacheManager to the classpath.
2026-06-27T23:01:58.206+05:30  INFO 20848 --- [ai-screening-service] [           main] o.a.k.clients.admin.AdminClientConfig    : AdminClientConfig values: 
	auto.include.jmx.reporter = true
	bootstrap.controllers = []
	bootstrap.servers = [localhost:9092]
	client.dns.lookup = use_all_dns_ips
	client.id = ai-screening-service-admin-0
	connections.max.idle.ms = 300000
	default.api.timeout.ms = 60000
	enable.metrics.push = true
	metadata.max.age.ms = 300000
	metadata.recovery.strategy = none
	metric.reporters = []
	metrics.num.samples = 2
	metrics.recording.level = INFO
	metrics.sample.window.ms = 30000
	receive.buffer.bytes = 65536
	reconnect.backoff.max.ms = 1000
	reconnect.backoff.ms = 50
	request.timeout.ms = 30000
	retries = 2147483647
	retry.backoff.max.ms = 1000
	retry.backoff.ms = 100
	sasl.client.callback.handler.class = null
	sasl.jaas.config = null
	sasl.kerberos.kinit.cmd = /usr/bin/kinit
	sasl.kerberos.min.time.before.relogin = 60000
	sasl.kerberos.service.name = null
	sasl.kerberos.ticket.renew.jitter = 0.05
	sasl.kerberos.ticket.renew.window.factor = 0.8
	sasl.login.callback.handler.class = null
	sasl.login.class = null
	sasl.login.connect.timeout.ms = null
	sasl.login.read.timeout.ms = null
	sasl.login.refresh.buffer.seconds = 300
	sasl.login.refresh.min.period.seconds = 60
	sasl.login.refresh.window.factor = 0.8
	sasl.login.refresh.window.jitter = 0.05
	sasl.login.retry.backoff.max.ms = 10000
	sasl.login.retry.backoff.ms = 100
	sasl.mechanism = GSSAPI
	sasl.oauthbearer.clock.skew.seconds = 30
	sasl.oauthbearer.expected.audience = null
	sasl.oauthbearer.expected.issuer = null
	sasl.oauthbearer.jwks.endpoint.refresh.ms = 3600000
	sasl.oauthbearer.jwks.endpoint.retry.backoff.max.ms = 10000
	sasl.oauthbearer.jwks.endpoint.retry.backoff.ms = 100
	sasl.oauthbearer.jwks.endpoint.url = null
	sasl.oauthbearer.scope.claim.name = scope
	sasl.oauthbearer.sub.claim.name = sub
	sasl.oauthbearer.token.endpoint.url = null
	security.protocol = PLAINTEXT
	security.providers = null
	send.buffer.bytes = 131072
	socket.connection.setup.timeout.max.ms = 30000
	socket.connection.setup.timeout.ms = 10000
	ssl.cipher.suites = null
	ssl.enabled.protocols = [TLSv1.2, TLSv1.3]
	ssl.endpoint.identification.algorithm = https
	ssl.engine.factory.class = null
	ssl.key.password = null
	ssl.keymanager.algorithm = SunX509
	ssl.keystore.certificate.chain = null
	ssl.keystore.key = null
	ssl.keystore.location = null
	ssl.keystore.password = null
	ssl.keystore.type = JKS
	ssl.protocol = TLSv1.3
	ssl.provider = null
	ssl.secure.random.implementation = null
	ssl.trustmanager.algorithm = PKIX
	ssl.truststore.certificates = null
	ssl.truststore.location = null
	ssl.truststore.password = null
	ssl.truststore.type = JKS

2026-06-27T23:01:59.579+05:30  INFO 20848 --- [ai-screening-service] [           main] o.a.kafka.common.utils.AppInfoParser     : Kafka version: 3.8.1
2026-06-27T23:01:59.580+05:30  INFO 20848 --- [ai-screening-service] [           main] o.a.kafka.common.utils.AppInfoParser     : Kafka commitId: 70d6ff42debf7e17
2026-06-27T23:01:59.581+05:30  INFO 20848 --- [ai-screening-service] [           main] o.a.kafka.common.utils.AppInfoParser     : Kafka startTimeMs: 1782581519573
2026-06-27T23:02:03.190+05:30  WARN 20848 --- [ai-screening-service] [service-admin-0] o.a.k.clients.admin.KafkaAdminClient     : [AdminClient clientId=ai-screening-service-admin-0] The DescribeTopicPartitions API is not supported, using Metadata API to describe topics.
2026-06-27T23:02:03.284+05:30  INFO 20848 --- [ai-screening-service] [service-admin-0] o.a.kafka.common.utils.AppInfoParser     : App info kafka.admin.client for ai-screening-service-admin-0 unregistered
2026-06-27T23:02:03.329+05:30  INFO 20848 --- [ai-screening-service] [service-admin-0] o.apache.kafka.common.metrics.Metrics    : Metrics scheduler closed
2026-06-27T23:02:03.334+05:30  INFO 20848 --- [ai-screening-service] [service-admin-0] o.apache.kafka.common.metrics.Metrics    : Closing reporter org.apache.kafka.common.metrics.JmxReporter
2026-06-27T23:02:03.336+05:30  INFO 20848 --- [ai-screening-service] [service-admin-0] o.apache.kafka.common.metrics.Metrics    : Metrics reporters closed
2026-06-27T23:02:04.222+05:30  INFO 20848 --- [ai-screening-service] [           main] o.s.c.n.eureka.InstanceInfoFactory       : Setting initial instance status as: STARTING
2026-06-27T23:02:04.705+05:30  INFO 20848 --- [ai-screening-service] [           main] com.netflix.discovery.DiscoveryClient    : Initializing Eureka in region us-east-1
2026-06-27T23:02:04.727+05:30  INFO 20848 --- [ai-screening-service] [           main] c.n.d.s.r.aws.ConfigClusterResolver      : Resolving eureka endpoints via configuration
2026-06-27T23:02:04.781+05:30  INFO 20848 --- [ai-screening-service] [           main] com.netflix.discovery.DiscoveryClient    : Disable delta property : false
2026-06-27T23:02:04.782+05:30  INFO 20848 --- [ai-screening-service] [           main] com.netflix.discovery.DiscoveryClient    : Single vip registry refresh property : null
2026-06-27T23:02:04.783+05:30  INFO 20848 --- [ai-screening-service] [           main] com.netflix.discovery.DiscoveryClient    : Force full registry fetch : false
2026-06-27T23:02:04.784+05:30  INFO 20848 --- [ai-screening-service] [           main] com.netflix.discovery.DiscoveryClient    : Application is null : false
2026-06-27T23:02:04.785+05:30  INFO 20848 --- [ai-screening-service] [           main] com.netflix.discovery.DiscoveryClient    : Registered Applications size is zero : true
2026-06-27T23:02:04.786+05:30  INFO 20848 --- [ai-screening-service] [           main] com.netflix.discovery.DiscoveryClient    : Application version is -1: true
2026-06-27T23:02:04.787+05:30  INFO 20848 --- [ai-screening-service] [           main] com.netflix.discovery.DiscoveryClient    : Getting all instance registry info from the eureka server
2026-06-27T23:02:06.005+05:30  INFO 20848 --- [ai-screening-service] [           main] com.netflix.discovery.DiscoveryClient    : The response status is 200
2026-06-27T23:02:06.029+05:30  INFO 20848 --- [ai-screening-service] [           main] com.netflix.discovery.DiscoveryClient    : Starting heartbeat executor: renew interval is: 30
2026-06-27T23:02:06.070+05:30  INFO 20848 --- [ai-screening-service] [           main] c.n.discovery.InstanceInfoReplicator     : InstanceInfoReplicator onDemand update allowed rate per min is 4
2026-06-27T23:02:06.083+05:30  INFO 20848 --- [ai-screening-service] [           main] com.netflix.discovery.DiscoveryClient    : Discovery Client initialized at timestamp 1782581526078 with initial instances count: 8
2026-06-27T23:02:06.153+05:30  INFO 20848 --- [ai-screening-service] [           main] o.s.c.n.e.s.EurekaServiceRegistry        : Registering application AI-SCREENING-SERVICE with eureka with status UP
2026-06-27T23:02:06.156+05:30  INFO 20848 --- [ai-screening-service] [           main] com.netflix.discovery.DiscoveryClient    : Saw local status change event StatusChangeEvent [timestamp=1782581526156, current=UP, previous=STARTING]
2026-06-27T23:02:06.169+05:30  INFO 20848 --- [ai-screening-service] [foReplicator-%d] com.netflix.discovery.DiscoveryClient    : DiscoveryClient_AI-SCREENING-SERVICE/PRIYANSHU-JAISWAL:ai-screening-service:8075: registering service...
2026-06-27T23:02:06.247+05:30  INFO 20848 --- [ai-screening-service] [           main] o.s.b.w.embedded.tomcat.TomcatWebServer  : Tomcat started on port 8075 (http) with context path '/'
2026-06-27T23:02:06.252+05:30  INFO 20848 --- [ai-screening-service] [           main] .s.c.n.e.s.EurekaAutoServiceRegistration : Updating port to 8075
2026-06-27T23:02:06.286+05:30  INFO 20848 --- [ai-screening-service] [foReplicator-%d] com.netflix.discovery.DiscoveryClient    : DiscoveryClient_AI-SCREENING-SERVICE/PRIYANSHU-JAISWAL:ai-screening-service:8075 - registration status: 204
2026-06-27T23:02:08.405+05:30  INFO 20848 --- [ai-screening-service] [nio-8075-exec-1] o.a.c.c.C.[Tomcat].[localhost].[/]       : Initializing Spring DispatcherServlet 'dispatcherServlet'
2026-06-27T23:02:08.407+05:30  INFO 20848 --- [ai-screening-service] [nio-8075-exec-1] o.s.web.servlet.DispatcherServlet        : Initializing Servlet 'dispatcherServlet'
2026-06-27T23:02:08.446+05:30  INFO 20848 --- [ai-screening-service] [nio-8075-exec-1] o.s.web.servlet.DispatcherServlet        : Completed initialization in 36 ms
2026-06-27T23:02:08.744+05:30  INFO 20848 --- [ai-screening-service] [           main] o.a.k.clients.consumer.ConsumerConfig    : ConsumerConfig values: 
	allow.auto.create.topics = true
	auto.commit.interval.ms = 5000
	auto.include.jmx.reporter = true
	auto.offset.reset = earliest
	bootstrap.servers = [localhost:9092]
	check.crcs = true
	client.dns.lookup = use_all_dns_ips
	client.id = consumer-ai-screening-group-dlt-1
	client.rack = 
	connections.max.idle.ms = 540000
	default.api.timeout.ms = 60000
	enable.auto.commit = false
	enable.metrics.push = true
	exclude.internal.topics = true
	fetch.max.bytes = 52428800
	fetch.max.wait.ms = 500
	fetch.min.bytes = 1
	group.id = ai-screening-group-dlt
	group.instance.id = null
	group.protocol = classic
	group.remote.assignor = null
	heartbeat.interval.ms = 3000
	interceptor.classes = []
	internal.leave.group.on.close = true
	internal.throw.on.fetch.stable.offset.unsupported = false
	isolation.level = read_uncommitted
	key.deserializer = class org.apache.kafka.common.serialization.StringDeserializer
	max.partition.fetch.bytes = 1048576
	max.poll.interval.ms = 300000
	max.poll.records = 500
	metadata.max.age.ms = 300000
	metadata.recovery.strategy = none
	metric.reporters = []
	metrics.num.samples = 2
	metrics.recording.level = INFO
	metrics.sample.window.ms = 30000
	partition.assignment.strategy = [class org.apache.kafka.clients.consumer.RangeAssignor, class org.apache.kafka.clients.consumer.CooperativeStickyAssignor]
	receive.buffer.bytes = 65536
	reconnect.backoff.max.ms = 1000
	reconnect.backoff.ms = 50
	request.timeout.ms = 30000
	retry.backoff.max.ms = 1000
	retry.backoff.ms = 100
	sasl.client.callback.handler.class = null
	sasl.jaas.config = null
	sasl.kerberos.kinit.cmd = /usr/bin/kinit
	sasl.kerberos.min.time.before.relogin = 60000
	sasl.kerberos.service.name = null
	sasl.kerberos.ticket.renew.jitter = 0.05
	sasl.kerberos.ticket.renew.window.factor = 0.8
	sasl.login.callback.handler.class = null
	sasl.login.class = null
	sasl.login.connect.timeout.ms = null
	sasl.login.read.timeout.ms = null
	sasl.login.refresh.buffer.seconds = 300
	sasl.login.refresh.min.period.seconds = 60
	sasl.login.refresh.window.factor = 0.8
	sasl.login.refresh.window.jitter = 0.05
	sasl.login.retry.backoff.max.ms = 10000
	sasl.login.retry.backoff.ms = 100
	sasl.mechanism = GSSAPI
	sasl.oauthbearer.clock.skew.seconds = 30
	sasl.oauthbearer.expected.audience = null
	sasl.oauthbearer.expected.issuer = null
	sasl.oauthbearer.jwks.endpoint.refresh.ms = 3600000
	sasl.oauthbearer.jwks.endpoint.retry.backoff.max.ms = 10000
	sasl.oauthbearer.jwks.endpoint.retry.backoff.ms = 100
	sasl.oauthbearer.jwks.endpoint.url = null
	sasl.oauthbearer.scope.claim.name = scope
	sasl.oauthbearer.sub.claim.name = sub
	sasl.oauthbearer.token.endpoint.url = null
	security.protocol = PLAINTEXT
	security.providers = null
	send.buffer.bytes = 131072
	session.timeout.ms = 45000
	socket.connection.setup.timeout.max.ms = 30000
	socket.connection.setup.timeout.ms = 10000
	ssl.cipher.suites = null
	ssl.enabled.protocols = [TLSv1.2, TLSv1.3]
	ssl.endpoint.identification.algorithm = https
	ssl.engine.factory.class = null
	ssl.key.password = null
	ssl.keymanager.algorithm = SunX509
	ssl.keystore.certificate.chain = null
	ssl.keystore.key = null
	ssl.keystore.location = null
	ssl.keystore.password = null
	ssl.keystore.type = JKS
	ssl.protocol = TLSv1.3
	ssl.provider = null
	ssl.secure.random.implementation = null
	ssl.trustmanager.algorithm = PKIX
	ssl.truststore.certificates = null
	ssl.truststore.location = null
	ssl.truststore.password = null
	ssl.truststore.type = JKS
	value.deserializer = class org.springframework.kafka.support.serializer.JsonDeserializer

2026-06-27T23:02:09.016+05:30  INFO 20848 --- [ai-screening-service] [           main] o.a.k.c.t.i.KafkaMetricsCollector        : initializing Kafka metrics collector
2026-06-27T23:02:09.365+05:30  INFO 20848 --- [ai-screening-service] [           main] o.a.kafka.common.utils.AppInfoParser     : Kafka version: 3.8.1
2026-06-27T23:02:09.366+05:30  INFO 20848 --- [ai-screening-service] [           main] o.a.kafka.common.utils.AppInfoParser     : Kafka commitId: 70d6ff42debf7e17
2026-06-27T23:02:09.367+05:30  INFO 20848 --- [ai-screening-service] [           main] o.a.kafka.common.utils.AppInfoParser     : Kafka startTimeMs: 1782581529363
2026-06-27T23:02:09.560+05:30  INFO 20848 --- [ai-screening-service] [           main] o.a.k.c.c.internals.LegacyKafkaConsumer  : [Consumer clientId=consumer-ai-screening-group-dlt-1, groupId=ai-screening-group-dlt] Subscribed to topic(s): resume-uploaded-dlt
2026-06-27T23:02:09.606+05:30  INFO 20848 --- [ai-screening-service] [           main] o.a.k.clients.consumer.ConsumerConfig    : ConsumerConfig values: 
	allow.auto.create.topics = true
	auto.commit.interval.ms = 5000
	auto.include.jmx.reporter = true
	auto.offset.reset = earliest
	bootstrap.servers = [localhost:9092]
	check.crcs = true
	client.dns.lookup = use_all_dns_ips
	client.id = consumer-ai-screening-delete-group-2
	client.rack = 
	connections.max.idle.ms = 540000
	default.api.timeout.ms = 60000
	enable.auto.commit = false
	enable.metrics.push = true
	exclude.internal.topics = true
	fetch.max.bytes = 52428800
	fetch.max.wait.ms = 500
	fetch.min.bytes = 1
	group.id = ai-screening-delete-group
	group.instance.id = null
	group.protocol = classic
	group.remote.assignor = null
	heartbeat.interval.ms = 3000
	interceptor.classes = []
	internal.leave.group.on.close = true
	internal.throw.on.fetch.stable.offset.unsupported = false
	isolation.level = read_uncommitted
	key.deserializer = class org.apache.kafka.common.serialization.StringDeserializer
	max.partition.fetch.bytes = 1048576
	max.poll.interval.ms = 300000
	max.poll.records = 500
	metadata.max.age.ms = 300000
	metadata.recovery.strategy = none
	metric.reporters = []
	metrics.num.samples = 2
	metrics.recording.level = INFO
	metrics.sample.window.ms = 30000
	partition.assignment.strategy = [class org.apache.kafka.clients.consumer.RangeAssignor, class org.apache.kafka.clients.consumer.CooperativeStickyAssignor]
	receive.buffer.bytes = 65536
	reconnect.backoff.max.ms = 1000
	reconnect.backoff.ms = 50
	request.timeout.ms = 30000
	retry.backoff.max.ms = 1000
	retry.backoff.ms = 100
	sasl.client.callback.handler.class = null
	sasl.jaas.config = null
	sasl.kerberos.kinit.cmd = /usr/bin/kinit
	sasl.kerberos.min.time.before.relogin = 60000
	sasl.kerberos.service.name = null
	sasl.kerberos.ticket.renew.jitter = 0.05
	sasl.kerberos.ticket.renew.window.factor = 0.8
	sasl.login.callback.handler.class = null
	sasl.login.class = null
	sasl.login.connect.timeout.ms = null
	sasl.login.read.timeout.ms = null
	sasl.login.refresh.buffer.seconds = 300
	sasl.login.refresh.min.period.seconds = 60
	sasl.login.refresh.window.factor = 0.8
	sasl.login.refresh.window.jitter = 0.05
	sasl.login.retry.backoff.max.ms = 10000
	sasl.login.retry.backoff.ms = 100
	sasl.mechanism = GSSAPI
	sasl.oauthbearer.clock.skew.seconds = 30
	sasl.oauthbearer.expected.audience = null
	sasl.oauthbearer.expected.issuer = null
	sasl.oauthbearer.jwks.endpoint.refresh.ms = 3600000
	sasl.oauthbearer.jwks.endpoint.retry.backoff.max.ms = 10000
	sasl.oauthbearer.jwks.endpoint.retry.backoff.ms = 100
	sasl.oauthbearer.jwks.endpoint.url = null
	sasl.oauthbearer.scope.claim.name = scope
	sasl.oauthbearer.sub.claim.name = sub
	sasl.oauthbearer.token.endpoint.url = null
	security.protocol = PLAINTEXT
	security.providers = null
	send.buffer.bytes = 131072
	session.timeout.ms = 45000
	socket.connection.setup.timeout.max.ms = 30000
	socket.connection.setup.timeout.ms = 10000
	ssl.cipher.suites = null
	ssl.enabled.protocols = [TLSv1.2, TLSv1.3]
	ssl.endpoint.identification.algorithm = https
	ssl.engine.factory.class = null
	ssl.key.password = null
	ssl.keymanager.algorithm = SunX509
	ssl.keystore.certificate.chain = null
	ssl.keystore.key = null
	ssl.keystore.location = null
	ssl.keystore.password = null
	ssl.keystore.type = JKS
	ssl.protocol = TLSv1.3
	ssl.provider = null
	ssl.secure.random.implementation = null
	ssl.trustmanager.algorithm = PKIX
	ssl.truststore.certificates = null
	ssl.truststore.location = null
	ssl.truststore.password = null
	ssl.truststore.type = JKS
	value.deserializer = class org.springframework.kafka.support.serializer.JsonDeserializer

2026-06-27T23:02:09.607+05:30  INFO 20848 --- [ai-screening-service] [           main] o.a.k.c.t.i.KafkaMetricsCollector        : initializing Kafka metrics collector
2026-06-27T23:02:09.727+05:30  INFO 20848 --- [ai-screening-service] [           main] o.a.kafka.common.utils.AppInfoParser     : Kafka version: 3.8.1
2026-06-27T23:02:09.732+05:30  INFO 20848 --- [ai-screening-service] [           main] o.a.kafka.common.utils.AppInfoParser     : Kafka commitId: 70d6ff42debf7e17
2026-06-27T23:02:09.732+05:30  INFO 20848 --- [ai-screening-service] [           main] o.a.kafka.common.utils.AppInfoParser     : Kafka startTimeMs: 1782581529727
2026-06-27T23:02:09.809+05:30  INFO 20848 --- [ai-screening-service] [ner#1-dlt-0-C-1] org.apache.kafka.clients.Metadata        : [Consumer clientId=consumer-ai-screening-group-dlt-1, groupId=ai-screening-group-dlt] Cluster ID: jhM2pLIBS0a3lxdugEdPHQ
2026-06-27T23:02:09.812+05:30  INFO 20848 --- [ai-screening-service] [ner#1-dlt-0-C-1] o.a.k.c.c.internals.ConsumerCoordinator  : [Consumer clientId=consumer-ai-screening-group-dlt-1, groupId=ai-screening-group-dlt] Discovered group coordinator localhost:9092 (id: 2147483646 rack: null)
2026-06-27T23:02:09.827+05:30  INFO 20848 --- [ai-screening-service] [           main] o.a.k.c.c.internals.LegacyKafkaConsumer  : [Consumer clientId=consumer-ai-screening-delete-group-2, groupId=ai-screening-delete-group] Subscribed to topic(s): resume-deleted
2026-06-27T23:02:09.850+05:30  INFO 20848 --- [ai-screening-service] [ner#1-dlt-0-C-1] o.a.k.c.c.internals.ConsumerCoordinator  : [Consumer clientId=consumer-ai-screening-group-dlt-1, groupId=ai-screening-group-dlt] (Re-)joining group
2026-06-27T23:02:09.861+05:30  INFO 20848 --- [ai-screening-service] [           main] o.a.k.clients.consumer.ConsumerConfig    : ConsumerConfig values: 
	allow.auto.create.topics = true
	auto.commit.interval.ms = 5000
	auto.include.jmx.reporter = true
	auto.offset.reset = earliest
	bootstrap.servers = [localhost:9092]
	check.crcs = true
	client.dns.lookup = use_all_dns_ips
	client.id = consumer-ai-screening-group-3
	client.rack = 
	connections.max.idle.ms = 540000
	default.api.timeout.ms = 60000
	enable.auto.commit = false
	enable.metrics.push = true
	exclude.internal.topics = true
	fetch.max.bytes = 52428800
	fetch.max.wait.ms = 500
	fetch.min.bytes = 1
	group.id = ai-screening-group
	group.instance.id = null
	group.protocol = classic
	group.remote.assignor = null
	heartbeat.interval.ms = 3000
	interceptor.classes = []
	internal.leave.group.on.close = true
	internal.throw.on.fetch.stable.offset.unsupported = false
	isolation.level = read_uncommitted
	key.deserializer = class org.apache.kafka.common.serialization.StringDeserializer
	max.partition.fetch.bytes = 1048576
	max.poll.interval.ms = 300000
	max.poll.records = 500
	metadata.max.age.ms = 300000
	metadata.recovery.strategy = none
	metric.reporters = []
	metrics.num.samples = 2
	metrics.recording.level = INFO
	metrics.sample.window.ms = 30000
	partition.assignment.strategy = [class org.apache.kafka.clients.consumer.RangeAssignor, class org.apache.kafka.clients.consumer.CooperativeStickyAssignor]
	receive.buffer.bytes = 65536
	reconnect.backoff.max.ms = 1000
	reconnect.backoff.ms = 50
	request.timeout.ms = 30000
	retry.backoff.max.ms = 1000
	retry.backoff.ms = 100
	sasl.client.callback.handler.class = null
	sasl.jaas.config = null
	sasl.kerberos.kinit.cmd = /usr/bin/kinit
	sasl.kerberos.min.time.before.relogin = 60000
	sasl.kerberos.service.name = null
	sasl.kerberos.ticket.renew.jitter = 0.05
	sasl.kerberos.ticket.renew.window.factor = 0.8
	sasl.login.callback.handler.class = null
	sasl.login.class = null
	sasl.login.connect.timeout.ms = null
	sasl.login.read.timeout.ms = null
	sasl.login.refresh.buffer.seconds = 300
	sasl.login.refresh.min.period.seconds = 60
	sasl.login.refresh.window.factor = 0.8
	sasl.login.refresh.window.jitter = 0.05
	sasl.login.retry.backoff.max.ms = 10000
	sasl.login.retry.backoff.ms = 100
	sasl.mechanism = GSSAPI
	sasl.oauthbearer.clock.skew.seconds = 30
	sasl.oauthbearer.expected.audience = null
	sasl.oauthbearer.expected.issuer = null
	sasl.oauthbearer.jwks.endpoint.refresh.ms = 3600000
	sasl.oauthbearer.jwks.endpoint.retry.backoff.max.ms = 10000
	sasl.oauthbearer.jwks.endpoint.retry.backoff.ms = 100
	sasl.oauthbearer.jwks.endpoint.url = null
	sasl.oauthbearer.scope.claim.name = scope
	sasl.oauthbearer.sub.claim.name = sub
	sasl.oauthbearer.token.endpoint.url = null
	security.protocol = PLAINTEXT
	security.providers = null
	send.buffer.bytes = 131072
	session.timeout.ms = 45000
	socket.connection.setup.timeout.max.ms = 30000
	socket.connection.setup.timeout.ms = 10000
	ssl.cipher.suites = null
	ssl.enabled.protocols = [TLSv1.2, TLSv1.3]
	ssl.endpoint.identification.algorithm = https
	ssl.engine.factory.class = null
	ssl.key.password = null
	ssl.keymanager.algorithm = SunX509
	ssl.keystore.certificate.chain = null
	ssl.keystore.key = null
	ssl.keystore.location = null
	ssl.keystore.password = null
	ssl.keystore.type = JKS
	ssl.protocol = TLSv1.3
	ssl.provider = null
	ssl.secure.random.implementation = null
	ssl.trustmanager.algorithm = PKIX
	ssl.truststore.certificates = null
	ssl.truststore.location = null
	ssl.truststore.password = null
	ssl.truststore.type = JKS
	value.deserializer = class org.springframework.kafka.support.serializer.JsonDeserializer

2026-06-27T23:02:09.867+05:30  INFO 20848 --- [ai-screening-service] [           main] o.a.k.c.t.i.KafkaMetricsCollector        : initializing Kafka metrics collector
2026-06-27T23:02:09.948+05:30  INFO 20848 --- [ai-screening-service] [ntainer#0-0-C-1] org.apache.kafka.clients.Metadata        : [Consumer clientId=consumer-ai-screening-delete-group-2, groupId=ai-screening-delete-group] Cluster ID: jhM2pLIBS0a3lxdugEdPHQ
2026-06-27T23:02:09.950+05:30  INFO 20848 --- [ai-screening-service] [ntainer#0-0-C-1] o.a.k.c.c.internals.ConsumerCoordinator  : [Consumer clientId=consumer-ai-screening-delete-group-2, groupId=ai-screening-delete-group] Discovered group coordinator localhost:9092 (id: 2147483646 rack: null)
2026-06-27T23:02:09.971+05:30  INFO 20848 --- [ai-screening-service] [ntainer#0-0-C-1] o.a.k.c.c.internals.ConsumerCoordinator  : [Consumer clientId=consumer-ai-screening-delete-group-2, groupId=ai-screening-delete-group] (Re-)joining group
2026-06-27T23:02:10.072+05:30  INFO 20848 --- [ai-screening-service] [           main] o.a.kafka.common.utils.AppInfoParser     : Kafka version: 3.8.1
2026-06-27T23:02:10.108+05:30  INFO 20848 --- [ai-screening-service] [           main] o.a.kafka.common.utils.AppInfoParser     : Kafka commitId: 70d6ff42debf7e17
2026-06-27T23:02:10.109+05:30  INFO 20848 --- [ai-screening-service] [           main] o.a.kafka.common.utils.AppInfoParser     : Kafka startTimeMs: 1782581530072
2026-06-27T23:02:10.241+05:30  INFO 20848 --- [ai-screening-service] [ner#1-dlt-0-C-1] o.a.k.c.c.internals.ConsumerCoordinator  : [Consumer clientId=consumer-ai-screening-group-dlt-1, groupId=ai-screening-group-dlt] Request joining group due to: need to re-join with the given member-id: consumer-ai-screening-group-dlt-1-1fde4605-e3da-49de-a22e-16500462be1a
2026-06-27T23:02:10.248+05:30  INFO 20848 --- [ai-screening-service] [ner#1-dlt-0-C-1] o.a.k.c.c.internals.ConsumerCoordinator  : [Consumer clientId=consumer-ai-screening-group-dlt-1, groupId=ai-screening-group-dlt] (Re-)joining group
2026-06-27T23:02:10.297+05:30  INFO 20848 --- [ai-screening-service] [ntainer#0-0-C-1] o.a.k.c.c.internals.ConsumerCoordinator  : [Consumer clientId=consumer-ai-screening-delete-group-2, groupId=ai-screening-delete-group] Request joining group due to: need to re-join with the given member-id: consumer-ai-screening-delete-group-2-9a7461a2-edfd-419f-b689-94e180eac06b
2026-06-27T23:02:10.301+05:30  INFO 20848 --- [ai-screening-service] [ntainer#0-0-C-1] o.a.k.c.c.internals.ConsumerCoordinator  : [Consumer clientId=consumer-ai-screening-delete-group-2, groupId=ai-screening-delete-group] (Re-)joining group
2026-06-27T23:02:10.385+05:30  INFO 20848 --- [ai-screening-service] [           main] o.a.k.c.c.internals.LegacyKafkaConsumer  : [Consumer clientId=consumer-ai-screening-group-3, groupId=ai-screening-group] Subscribed to topic(s): resume-uploaded
2026-06-27T23:02:10.427+05:30  INFO 20848 --- [ai-screening-service] [           main] o.a.k.clients.consumer.ConsumerConfig    : ConsumerConfig values: 
	allow.auto.create.topics = true
	auto.commit.interval.ms = 5000
	auto.include.jmx.reporter = true
	auto.offset.reset = earliest
	bootstrap.servers = [localhost:9092]
	check.crcs = true
	client.dns.lookup = use_all_dns_ips
	client.id = consumer-ai-screening-group-retry-0-4
	client.rack = 
	connections.max.idle.ms = 540000
	default.api.timeout.ms = 60000
	enable.auto.commit = false
	enable.metrics.push = true
	exclude.internal.topics = true
	fetch.max.bytes = 52428800
	fetch.max.wait.ms = 500
	fetch.min.bytes = 1
	group.id = ai-screening-group-retry-0
	group.instance.id = null
	group.protocol = classic
	group.remote.assignor = null
	heartbeat.interval.ms = 3000
	interceptor.classes = []
	internal.leave.group.on.close = true
	internal.throw.on.fetch.stable.offset.unsupported = false
	isolation.level = read_uncommitted
	key.deserializer = class org.apache.kafka.common.serialization.StringDeserializer
	max.partition.fetch.bytes = 1048576
	max.poll.interval.ms = 300000
	max.poll.records = 500
	metadata.max.age.ms = 300000
	metadata.recovery.strategy = none
	metric.reporters = []
	metrics.num.samples = 2
	metrics.recording.level = INFO
	metrics.sample.window.ms = 30000
	partition.assignment.strategy = [class org.apache.kafka.clients.consumer.RangeAssignor, class org.apache.kafka.clients.consumer.CooperativeStickyAssignor]
	receive.buffer.bytes = 65536
	reconnect.backoff.max.ms = 1000
	reconnect.backoff.ms = 50
	request.timeout.ms = 30000
	retry.backoff.max.ms = 1000
	retry.backoff.ms = 100
	sasl.client.callback.handler.class = null
	sasl.jaas.config = null
	sasl.kerberos.kinit.cmd = /usr/bin/kinit
	sasl.kerberos.min.time.before.relogin = 60000
	sasl.kerberos.service.name = null
	sasl.kerberos.ticket.renew.jitter = 0.05
	sasl.kerberos.ticket.renew.window.factor = 0.8
	sasl.login.callback.handler.class = null
	sasl.login.class = null
	sasl.login.connect.timeout.ms = null
	sasl.login.read.timeout.ms = null
	sasl.login.refresh.buffer.seconds = 300
	sasl.login.refresh.min.period.seconds = 60
	sasl.login.refresh.window.factor = 0.8
	sasl.login.refresh.window.jitter = 0.05
	sasl.login.retry.backoff.max.ms = 10000
	sasl.login.retry.backoff.ms = 100
	sasl.mechanism = GSSAPI
	sasl.oauthbearer.clock.skew.seconds = 30
	sasl.oauthbearer.expected.audience = null
	sasl.oauthbearer.expected.issuer = null
	sasl.oauthbearer.jwks.endpoint.refresh.ms = 3600000
	sasl.oauthbearer.jwks.endpoint.retry.backoff.max.ms = 10000
	sasl.oauthbearer.jwks.endpoint.retry.backoff.ms = 100
	sasl.oauthbearer.jwks.endpoint.url = null
	sasl.oauthbearer.scope.claim.name = scope
	sasl.oauthbearer.sub.claim.name = sub
	sasl.oauthbearer.token.endpoint.url = null
	security.protocol = PLAINTEXT
	security.providers = null
	send.buffer.bytes = 131072
	session.timeout.ms = 45000
	socket.connection.setup.timeout.max.ms = 30000
	socket.connection.setup.timeout.ms = 10000
	ssl.cipher.suites = null
	ssl.enabled.protocols = [TLSv1.2, TLSv1.3]
	ssl.endpoint.identification.algorithm = https
	ssl.engine.factory.class = null
	ssl.key.password = null
	ssl.keymanager.algorithm = SunX509
	ssl.keystore.certificate.chain = null
	ssl.keystore.key = null
	ssl.keystore.location = null
	ssl.keystore.password = null
	ssl.keystore.type = JKS
	ssl.protocol = TLSv1.3
	ssl.provider = null
	ssl.secure.random.implementation = null
	ssl.trustmanager.algorithm = PKIX
	ssl.truststore.certificates = null
	ssl.truststore.location = null
	ssl.truststore.password = null
	ssl.truststore.type = JKS
	value.deserializer = class org.springframework.kafka.support.serializer.JsonDeserializer

2026-06-27T23:02:10.429+05:30  INFO 20848 --- [ai-screening-service] [           main] o.a.k.c.t.i.KafkaMetricsCollector        : initializing Kafka metrics collector
2026-06-27T23:02:10.470+05:30  INFO 20848 --- [ai-screening-service] [           main] o.a.kafka.common.utils.AppInfoParser     : Kafka version: 3.8.1
2026-06-27T23:02:10.476+05:30  INFO 20848 --- [ai-screening-service] [           main] o.a.kafka.common.utils.AppInfoParser     : Kafka commitId: 70d6ff42debf7e17
2026-06-27T23:02:10.478+05:30  INFO 20848 --- [ai-screening-service] [           main] o.a.kafka.common.utils.AppInfoParser     : Kafka startTimeMs: 1782581530470
2026-06-27T23:02:10.499+05:30  INFO 20848 --- [ai-screening-service] [ntainer#1-0-C-1] org.apache.kafka.clients.Metadata        : [Consumer clientId=consumer-ai-screening-group-3, groupId=ai-screening-group] Cluster ID: jhM2pLIBS0a3lxdugEdPHQ
2026-06-27T23:02:10.501+05:30  INFO 20848 --- [ai-screening-service] [ntainer#1-0-C-1] o.a.k.c.c.internals.ConsumerCoordinator  : [Consumer clientId=consumer-ai-screening-group-3, groupId=ai-screening-group] Discovered group coordinator localhost:9092 (id: 2147483646 rack: null)
2026-06-27T23:02:10.505+05:30  INFO 20848 --- [ai-screening-service] [ntainer#1-0-C-1] o.a.k.c.c.internals.ConsumerCoordinator  : [Consumer clientId=consumer-ai-screening-group-3, groupId=ai-screening-group] (Re-)joining group
2026-06-27T23:02:10.577+05:30  INFO 20848 --- [ai-screening-service] [ntainer#1-0-C-1] o.a.k.c.c.internals.ConsumerCoordinator  : [Consumer clientId=consumer-ai-screening-group-3, groupId=ai-screening-group] Request joining group due to: need to re-join with the given member-id: consumer-ai-screening-group-3-a5187cd2-86df-488e-a74c-988735ba32d3
2026-06-27T23:02:10.579+05:30  INFO 20848 --- [ai-screening-service] [ntainer#1-0-C-1] o.a.k.c.c.internals.ConsumerCoordinator  : [Consumer clientId=consumer-ai-screening-group-3, groupId=ai-screening-group] (Re-)joining group
2026-06-27T23:02:10.651+05:30  INFO 20848 --- [ai-screening-service] [           main] o.a.k.c.c.internals.LegacyKafkaConsumer  : [Consumer clientId=consumer-ai-screening-group-retry-0-4, groupId=ai-screening-group-retry-0] Subscribed to topic(s): resume-uploaded-retry-0
2026-06-27T23:02:10.713+05:30  INFO 20848 --- [ai-screening-service] [           main] o.a.k.clients.consumer.ConsumerConfig    : ConsumerConfig values: 
	allow.auto.create.topics = true
	auto.commit.interval.ms = 5000
	auto.include.jmx.reporter = true
	auto.offset.reset = earliest
	bootstrap.servers = [localhost:9092]
	check.crcs = true
	client.dns.lookup = use_all_dns_ips
	client.id = consumer-ai-screening-group-retry-1-5
	client.rack = 
	connections.max.idle.ms = 540000
	default.api.timeout.ms = 60000
	enable.auto.commit = false
	enable.metrics.push = true
	exclude.internal.topics = true
	fetch.max.bytes = 52428800
	fetch.max.wait.ms = 500
	fetch.min.bytes = 1
	group.id = ai-screening-group-retry-1
	group.instance.id = null
	group.protocol = classic
	group.remote.assignor = null
	heartbeat.interval.ms = 3000
	interceptor.classes = []
	internal.leave.group.on.close = true
	internal.throw.on.fetch.stable.offset.unsupported = false
	isolation.level = read_uncommitted
	key.deserializer = class org.apache.kafka.common.serialization.StringDeserializer
	max.partition.fetch.bytes = 1048576
	max.poll.interval.ms = 300000
	max.poll.records = 500
	metadata.max.age.ms = 300000
	metadata.recovery.strategy = none
	metric.reporters = []
	metrics.num.samples = 2
	metrics.recording.level = INFO
	metrics.sample.window.ms = 30000
	partition.assignment.strategy = [class org.apache.kafka.clients.consumer.RangeAssignor, class org.apache.kafka.clients.consumer.CooperativeStickyAssignor]
	receive.buffer.bytes = 65536
	reconnect.backoff.max.ms = 1000
	reconnect.backoff.ms = 50
	request.timeout.ms = 30000
	retry.backoff.max.ms = 1000
	retry.backoff.ms = 100
	sasl.client.callback.handler.class = null
	sasl.jaas.config = null
	sasl.kerberos.kinit.cmd = /usr/bin/kinit
	sasl.kerberos.min.time.before.relogin = 60000
	sasl.kerberos.service.name = null
	sasl.kerberos.ticket.renew.jitter = 0.05
	sasl.kerberos.ticket.renew.window.factor = 0.8
	sasl.login.callback.handler.class = null
	sasl.login.class = null
	sasl.login.connect.timeout.ms = null
	sasl.login.read.timeout.ms = null
	sasl.login.refresh.buffer.seconds = 300
	sasl.login.refresh.min.period.seconds = 60
	sasl.login.refresh.window.factor = 0.8
	sasl.login.refresh.window.jitter = 0.05
	sasl.login.retry.backoff.max.ms = 10000
	sasl.login.retry.backoff.ms = 100
	sasl.mechanism = GSSAPI
	sasl.oauthbearer.clock.skew.seconds = 30
	sasl.oauthbearer.expected.audience = null
	sasl.oauthbearer.expected.issuer = null
	sasl.oauthbearer.jwks.endpoint.refresh.ms = 3600000
	sasl.oauthbearer.jwks.endpoint.retry.backoff.max.ms = 10000
	sasl.oauthbearer.jwks.endpoint.retry.backoff.ms = 100
	sasl.oauthbearer.jwks.endpoint.url = null
	sasl.oauthbearer.scope.claim.name = scope
	sasl.oauthbearer.sub.claim.name = sub
	sasl.oauthbearer.token.endpoint.url = null
	security.protocol = PLAINTEXT
	security.providers = null
	send.buffer.bytes = 131072
	session.timeout.ms = 45000
	socket.connection.setup.timeout.max.ms = 30000
	socket.connection.setup.timeout.ms = 10000
	ssl.cipher.suites = null
	ssl.enabled.protocols = [TLSv1.2, TLSv1.3]
	ssl.endpoint.identification.algorithm = https
	ssl.engine.factory.class = null
	ssl.key.password = null
	ssl.keymanager.algorithm = SunX509
	ssl.keystore.certificate.chain = null
	ssl.keystore.key = null
	ssl.keystore.location = null
	ssl.keystore.password = null
	ssl.keystore.type = JKS
	ssl.protocol = TLSv1.3
	ssl.provider = null
	ssl.secure.random.implementation = null
	ssl.trustmanager.algorithm = PKIX
	ssl.truststore.certificates = null
	ssl.truststore.location = null
	ssl.truststore.password = null
	ssl.truststore.type = JKS
	value.deserializer = class org.springframework.kafka.support.serializer.JsonDeserializer

2026-06-27T23:02:10.729+05:30  INFO 20848 --- [ai-screening-service] [           main] o.a.k.c.t.i.KafkaMetricsCollector        : initializing Kafka metrics collector
2026-06-27T23:02:10.777+05:30  INFO 20848 --- [ai-screening-service] [1-retry-0-0-C-1] org.apache.kafka.clients.Metadata        : [Consumer clientId=consumer-ai-screening-group-retry-0-4, groupId=ai-screening-group-retry-0] Cluster ID: jhM2pLIBS0a3lxdugEdPHQ
2026-06-27T23:02:10.784+05:30  INFO 20848 --- [ai-screening-service] [1-retry-0-0-C-1] o.a.k.c.c.internals.ConsumerCoordinator  : [Consumer clientId=consumer-ai-screening-group-retry-0-4, groupId=ai-screening-group-retry-0] Discovered group coordinator localhost:9092 (id: 2147483646 rack: null)
2026-06-27T23:02:10.787+05:30  INFO 20848 --- [ai-screening-service] [1-retry-0-0-C-1] o.a.k.c.c.internals.ConsumerCoordinator  : [Consumer clientId=consumer-ai-screening-group-retry-0-4, groupId=ai-screening-group-retry-0] (Re-)joining group
2026-06-27T23:02:10.867+05:30  INFO 20848 --- [ai-screening-service] [1-retry-0-0-C-1] o.a.k.c.c.internals.ConsumerCoordinator  : [Consumer clientId=consumer-ai-screening-group-retry-0-4, groupId=ai-screening-group-retry-0] Request joining group due to: need to re-join with the given member-id: consumer-ai-screening-group-retry-0-4-50f70768-4da8-4dd3-9fa8-755fe9111ef7
2026-06-27T23:02:10.869+05:30  INFO 20848 --- [ai-screening-service] [1-retry-0-0-C-1] o.a.k.c.c.internals.ConsumerCoordinator  : [Consumer clientId=consumer-ai-screening-group-retry-0-4, groupId=ai-screening-group-retry-0] (Re-)joining group
2026-06-27T23:02:10.873+05:30  INFO 20848 --- [ai-screening-service] [           main] o.a.kafka.common.utils.AppInfoParser     : Kafka version: 3.8.1
2026-06-27T23:02:10.883+05:30  INFO 20848 --- [ai-screening-service] [           main] o.a.kafka.common.utils.AppInfoParser     : Kafka commitId: 70d6ff42debf7e17
2026-06-27T23:02:10.884+05:30  INFO 20848 --- [ai-screening-service] [           main] o.a.kafka.common.utils.AppInfoParser     : Kafka startTimeMs: 1782581530873
2026-06-27T23:02:10.931+05:30  INFO 20848 --- [ai-screening-service] [           main] o.a.k.c.c.internals.LegacyKafkaConsumer  : [Consumer clientId=consumer-ai-screening-group-retry-1-5, groupId=ai-screening-group-retry-1] Subscribed to topic(s): resume-uploaded-retry-1
2026-06-27T23:02:11.015+05:30  INFO 20848 --- [ai-screening-service] [1-retry-1-0-C-1] org.apache.kafka.clients.Metadata        : [Consumer clientId=consumer-ai-screening-group-retry-1-5, groupId=ai-screening-group-retry-1] Cluster ID: jhM2pLIBS0a3lxdugEdPHQ
2026-06-27T23:02:11.019+05:30  INFO 20848 --- [ai-screening-service] [1-retry-1-0-C-1] o.a.k.c.c.internals.ConsumerCoordinator  : [Consumer clientId=consumer-ai-screening-group-retry-1-5, groupId=ai-screening-group-retry-1] Discovered group coordinator localhost:9092 (id: 2147483646 rack: null)
2026-06-27T23:02:11.057+05:30  INFO 20848 --- [ai-screening-service] [1-retry-1-0-C-1] o.a.k.c.c.internals.ConsumerCoordinator  : [Consumer clientId=consumer-ai-screening-group-retry-1-5, groupId=ai-screening-group-retry-1] (Re-)joining group
2026-06-27T23:02:11.122+05:30  INFO 20848 --- [ai-screening-service] [1-retry-1-0-C-1] o.a.k.c.c.internals.ConsumerCoordinator  : [Consumer clientId=consumer-ai-screening-group-retry-1-5, groupId=ai-screening-group-retry-1] Request joining group due to: need to re-join with the given member-id: consumer-ai-screening-group-retry-1-5-54a0274b-d04e-42c7-b4ef-4272c8f45129
2026-06-27T23:02:11.125+05:30  INFO 20848 --- [ai-screening-service] [1-retry-1-0-C-1] o.a.k.c.c.internals.ConsumerCoordinator  : [Consumer clientId=consumer-ai-screening-group-retry-1-5, groupId=ai-screening-group-retry-1] (Re-)joining group
2026-06-27T23:02:11.323+05:30  INFO 20848 --- [ai-screening-service] [           main] c.t.p.a.AIScreeningApplication           : Started AIScreeningApplication in 294.469 seconds (process running for 297.475)
2026-06-27T23:02:13.278+05:30  INFO 20848 --- [ai-screening-service] [ner#1-dlt-0-C-1] o.a.k.c.c.internals.ConsumerCoordinator  : [Consumer clientId=consumer-ai-screening-group-dlt-1, groupId=ai-screening-group-dlt] Successfully joined group with generation Generation{generationId=101, memberId='consumer-ai-screening-group-dlt-1-1fde4605-e3da-49de-a22e-16500462be1a', protocol='range'}
2026-06-27T23:02:13.306+05:30  INFO 20848 --- [ai-screening-service] [ner#1-dlt-0-C-1] o.a.k.c.c.internals.ConsumerCoordinator  : [Consumer clientId=consumer-ai-screening-group-dlt-1, groupId=ai-screening-group-dlt] Finished assignment for group at generation 101: {consumer-ai-screening-group-dlt-1-1fde4605-e3da-49de-a22e-16500462be1a=Assignment(partitions=[resume-uploaded-dlt-0])}
2026-06-27T23:02:13.323+05:30  INFO 20848 --- [ai-screening-service] [ntainer#0-0-C-1] o.a.k.c.c.internals.ConsumerCoordinator  : [Consumer clientId=consumer-ai-screening-delete-group-2, groupId=ai-screening-delete-group] Successfully joined group with generation Generation{generationId=7, memberId='consumer-ai-screening-delete-group-2-9a7461a2-edfd-419f-b689-94e180eac06b', protocol='range'}
2026-06-27T23:02:13.324+05:30  INFO 20848 --- [ai-screening-service] [ntainer#0-0-C-1] o.a.k.c.c.internals.ConsumerCoordinator  : [Consumer clientId=consumer-ai-screening-delete-group-2, groupId=ai-screening-delete-group] Finished assignment for group at generation 7: {consumer-ai-screening-delete-group-2-9a7461a2-edfd-419f-b689-94e180eac06b=Assignment(partitions=[resume-deleted-0])}
2026-06-27T23:02:13.330+05:30  INFO 20848 --- [ai-screening-service] [ner#1-dlt-0-C-1] o.a.k.c.c.internals.ConsumerCoordinator  : [Consumer clientId=consumer-ai-screening-group-dlt-1, groupId=ai-screening-group-dlt] Successfully synced group in generation Generation{generationId=101, memberId='consumer-ai-screening-group-dlt-1-1fde4605-e3da-49de-a22e-16500462be1a', protocol='range'}
2026-06-27T23:02:13.332+05:30  INFO 20848 --- [ai-screening-service] [ner#1-dlt-0-C-1] o.a.k.c.c.internals.ConsumerCoordinator  : [Consumer clientId=consumer-ai-screening-group-dlt-1, groupId=ai-screening-group-dlt] Notifying assignor about the new Assignment(partitions=[resume-uploaded-dlt-0])
2026-06-27T23:02:13.342+05:30  INFO 20848 --- [ai-screening-service] [ntainer#0-0-C-1] o.a.k.c.c.internals.ConsumerCoordinator  : [Consumer clientId=consumer-ai-screening-delete-group-2, groupId=ai-screening-delete-group] Successfully synced group in generation Generation{generationId=7, memberId='consumer-ai-screening-delete-group-2-9a7461a2-edfd-419f-b689-94e180eac06b', protocol='range'}
2026-06-27T23:02:13.344+05:30  INFO 20848 --- [ai-screening-service] [ntainer#0-0-C-1] o.a.k.c.c.internals.ConsumerCoordinator  : [Consumer clientId=consumer-ai-screening-delete-group-2, groupId=ai-screening-delete-group] Notifying assignor about the new Assignment(partitions=[resume-deleted-0])
2026-06-27T23:02:13.342+05:30  INFO 20848 --- [ai-screening-service] [ner#1-dlt-0-C-1] k.c.c.i.ConsumerRebalanceListenerInvoker : [Consumer clientId=consumer-ai-screening-group-dlt-1, groupId=ai-screening-group-dlt] Adding newly assigned partitions: resume-uploaded-dlt-0
2026-06-27T23:02:13.346+05:30  INFO 20848 --- [ai-screening-service] [ntainer#0-0-C-1] k.c.c.i.ConsumerRebalanceListenerInvoker : [Consumer clientId=consumer-ai-screening-delete-group-2, groupId=ai-screening-delete-group] Adding newly assigned partitions: resume-deleted-0
2026-06-27T23:02:13.382+05:30  INFO 20848 --- [ai-screening-service] [ntainer#0-0-C-1] o.a.k.c.c.internals.ConsumerUtils        : Setting offset for partition resume-deleted-0 to the committed offset FetchPosition{offset=4, offsetEpoch=Optional.empty, currentLeader=LeaderAndEpoch{leader=Optional[localhost:9092 (id: 1 rack: null)], epoch=0}}
2026-06-27T23:02:13.382+05:30  INFO 20848 --- [ai-screening-service] [ner#1-dlt-0-C-1] o.a.k.c.c.internals.ConsumerUtils        : Setting offset for partition resume-uploaded-dlt-0 to the committed offset FetchPosition{offset=1, offsetEpoch=Optional.empty, currentLeader=LeaderAndEpoch{leader=Optional[localhost:9092 (id: 1 rack: null)], epoch=0}}
2026-06-27T23:02:13.387+05:30  INFO 20848 --- [ai-screening-service] [ntainer#0-0-C-1] o.s.k.l.KafkaMessageListenerContainer    : ai-screening-delete-group: partitions assigned: [resume-deleted-0]
2026-06-27T23:02:13.393+05:30  INFO 20848 --- [ai-screening-service] [ner#1-dlt-0-C-1] o.s.k.l.KafkaMessageListenerContainer    : ai-screening-group-dlt: partitions assigned: [resume-uploaded-dlt-0]
2026-06-27T23:02:13.589+05:30  INFO 20848 --- [ai-screening-service] [ntainer#1-0-C-1] o.a.k.c.c.internals.ConsumerCoordinator  : [Consumer clientId=consumer-ai-screening-group-3, groupId=ai-screening-group] Successfully joined group with generation Generation{generationId=107, memberId='consumer-ai-screening-group-3-a5187cd2-86df-488e-a74c-988735ba32d3', protocol='range'}
2026-06-27T23:02:13.590+05:30  INFO 20848 --- [ai-screening-service] [ntainer#1-0-C-1] o.a.k.c.c.internals.ConsumerCoordinator  : [Consumer clientId=consumer-ai-screening-group-3, groupId=ai-screening-group] Finished assignment for group at generation 107: {consumer-ai-screening-group-3-a5187cd2-86df-488e-a74c-988735ba32d3=Assignment(partitions=[resume-uploaded-0])}
2026-06-27T23:02:13.599+05:30  INFO 20848 --- [ai-screening-service] [ntainer#1-0-C-1] o.a.k.c.c.internals.ConsumerCoordinator  : [Consumer clientId=consumer-ai-screening-group-3, groupId=ai-screening-group] Successfully synced group in generation Generation{generationId=107, memberId='consumer-ai-screening-group-3-a5187cd2-86df-488e-a74c-988735ba32d3', protocol='range'}
2026-06-27T23:02:13.602+05:30  INFO 20848 --- [ai-screening-service] [ntainer#1-0-C-1] o.a.k.c.c.internals.ConsumerCoordinator  : [Consumer clientId=consumer-ai-screening-group-3, groupId=ai-screening-group] Notifying assignor about the new Assignment(partitions=[resume-uploaded-0])
2026-06-27T23:02:13.603+05:30  INFO 20848 --- [ai-screening-service] [ntainer#1-0-C-1] k.c.c.i.ConsumerRebalanceListenerInvoker : [Consumer clientId=consumer-ai-screening-group-3, groupId=ai-screening-group] Adding newly assigned partitions: resume-uploaded-0
2026-06-27T23:02:13.610+05:30  INFO 20848 --- [ai-screening-service] [ntainer#1-0-C-1] o.a.k.c.c.internals.ConsumerUtils        : Setting offset for partition resume-uploaded-0 to the committed offset FetchPosition{offset=28, offsetEpoch=Optional.empty, currentLeader=LeaderAndEpoch{leader=Optional[localhost:9092 (id: 1 rack: null)], epoch=0}}
2026-06-27T23:02:13.612+05:30  INFO 20848 --- [ai-screening-service] [ntainer#1-0-C-1] o.s.k.l.KafkaMessageListenerContainer    : ai-screening-group: partitions assigned: [resume-uploaded-0]
2026-06-27T23:02:13.889+05:30  INFO 20848 --- [ai-screening-service] [1-retry-0-0-C-1] o.a.k.c.c.internals.ConsumerCoordinator  : [Consumer clientId=consumer-ai-screening-group-retry-0-4, groupId=ai-screening-group-retry-0] Successfully joined group with generation Generation{generationId=103, memberId='consumer-ai-screening-group-retry-0-4-50f70768-4da8-4dd3-9fa8-755fe9111ef7', protocol='range'}
2026-06-27T23:02:13.890+05:30  INFO 20848 --- [ai-screening-service] [1-retry-0-0-C-1] o.a.k.c.c.internals.ConsumerCoordinator  : [Consumer clientId=consumer-ai-screening-group-retry-0-4, groupId=ai-screening-group-retry-0] Finished assignment for group at generation 103: {consumer-ai-screening-group-retry-0-4-50f70768-4da8-4dd3-9fa8-755fe9111ef7=Assignment(partitions=[resume-uploaded-retry-0-0])}
2026-06-27T23:02:13.904+05:30  INFO 20848 --- [ai-screening-service] [1-retry-0-0-C-1] o.a.k.c.c.internals.ConsumerCoordinator  : [Consumer clientId=consumer-ai-screening-group-retry-0-4, groupId=ai-screening-group-retry-0] Successfully synced group in generation Generation{generationId=103, memberId='consumer-ai-screening-group-retry-0-4-50f70768-4da8-4dd3-9fa8-755fe9111ef7', protocol='range'}
2026-06-27T23:02:13.907+05:30  INFO 20848 --- [ai-screening-service] [1-retry-0-0-C-1] o.a.k.c.c.internals.ConsumerCoordinator  : [Consumer clientId=consumer-ai-screening-group-retry-0-4, groupId=ai-screening-group-retry-0] Notifying assignor about the new Assignment(partitions=[resume-uploaded-retry-0-0])
2026-06-27T23:02:13.909+05:30  INFO 20848 --- [ai-screening-service] [1-retry-0-0-C-1] k.c.c.i.ConsumerRebalanceListenerInvoker : [Consumer clientId=consumer-ai-screening-group-retry-0-4, groupId=ai-screening-group-retry-0] Adding newly assigned partitions: resume-uploaded-retry-0-0
2026-06-27T23:02:13.921+05:30  INFO 20848 --- [ai-screening-service] [1-retry-0-0-C-1] o.a.k.c.c.internals.ConsumerUtils        : Setting offset for partition resume-uploaded-retry-0-0 to the committed offset FetchPosition{offset=0, offsetEpoch=Optional.empty, currentLeader=LeaderAndEpoch{leader=Optional[localhost:9092 (id: 1 rack: null)], epoch=0}}
2026-06-27T23:02:13.923+05:30  INFO 20848 --- [ai-screening-service] [1-retry-0-0-C-1] o.s.k.l.KafkaMessageListenerContainer    : ai-screening-group-retry-0: partitions assigned: [resume-uploaded-retry-0-0]
2026-06-27T23:02:14.145+05:30  INFO 20848 --- [ai-screening-service] [1-retry-1-0-C-1] o.a.k.c.c.internals.ConsumerCoordinator  : [Consumer clientId=consumer-ai-screening-group-retry-1-5, groupId=ai-screening-group-retry-1] Successfully joined group with generation Generation{generationId=101, memberId='consumer-ai-screening-group-retry-1-5-54a0274b-d04e-42c7-b4ef-4272c8f45129', protocol='range'}
2026-06-27T23:02:14.147+05:30  INFO 20848 --- [ai-screening-service] [1-retry-1-0-C-1] o.a.k.c.c.internals.ConsumerCoordinator  : [Consumer clientId=consumer-ai-screening-group-retry-1-5, groupId=ai-screening-group-retry-1] Finished assignment for group at generation 101: {consumer-ai-screening-group-retry-1-5-54a0274b-d04e-42c7-b4ef-4272c8f45129=Assignment(partitions=[resume-uploaded-retry-1-0])}
2026-06-27T23:02:14.228+05:30  INFO 20848 --- [ai-screening-service] [1-retry-1-0-C-1] o.a.k.c.c.internals.ConsumerCoordinator  : [Consumer clientId=consumer-ai-screening-group-retry-1-5, groupId=ai-screening-group-retry-1] Successfully synced group in generation Generation{generationId=101, memberId='consumer-ai-screening-group-retry-1-5-54a0274b-d04e-42c7-b4ef-4272c8f45129', protocol='range'}
2026-06-27T23:02:14.230+05:30  INFO 20848 --- [ai-screening-service] [1-retry-1-0-C-1] o.a.k.c.c.internals.ConsumerCoordinator  : [Consumer clientId=consumer-ai-screening-group-retry-1-5, groupId=ai-screening-group-retry-1] Notifying assignor about the new Assignment(partitions=[resume-uploaded-retry-1-0])
2026-06-27T23:02:14.232+05:30  INFO 20848 --- [ai-screening-service] [1-retry-1-0-C-1] k.c.c.i.ConsumerRebalanceListenerInvoker : [Consumer clientId=consumer-ai-screening-group-retry-1-5, groupId=ai-screening-group-retry-1] Adding newly assigned partitions: resume-uploaded-retry-1-0
2026-06-27T23:02:14.291+05:30  INFO 20848 --- [ai-screening-service] [1-retry-1-0-C-1] o.a.k.c.c.internals.ConsumerUtils        : Setting offset for partition resume-uploaded-retry-1-0 to the committed offset FetchPosition{offset=0, offsetEpoch=Optional.empty, currentLeader=LeaderAndEpoch{leader=Optional[localhost:9092 (id: 1 rack: null)], epoch=0}}
2026-06-27T23:02:14.396+05:30  INFO 20848 --- [ai-screening-service] [1-retry-1-0-C-1] o.s.k.l.KafkaMessageListenerContainer    : ai-screening-group-retry-1: partitions assigned: [resume-uploaded-retry-1-0]
