
  .   ____          _            __ _ _
 /\\ / ___'_ __ _ _(_)_ __  __ _ \ \ \ \
( ( )\___ | '_ | '_| | '_ \/ _` | \ \ \ \
 \\/  ___)| |_)| | | | | || (_| |  ) ) ) )
  '  |____| .__|_| |_|_| |_\__, | / / / /
 =========|_|==============|___/=/_/_/_/

 :: Spring Boot ::                (v3.4.0)

2026-06-27T22:57:23.255+05:30  INFO 2936 --- [authentication-service] [           main] c.t.p.a.AuthenticationServiceApplication : Starting AuthenticationServiceApplication v0.0.1-SNAPSHOT using Java 17.0.17 with PID 2936 (C:\Users\HP\Downloads\AI_Screeming\authentication-service\target\authentication-service-0.0.1-SNAPSHOT.jar started by HP in C:\Users\HP\Downloads\AI_Screeming)
2026-06-27T22:57:23.279+05:30  INFO 2936 --- [authentication-service] [           main] c.t.p.a.AuthenticationServiceApplication : No active profile set, falling back to 1 default profile: "default"
2026-06-27T22:57:30.596+05:30  INFO 2936 --- [authentication-service] [           main] .s.d.r.c.RepositoryConfigurationDelegate : Multiple Spring Data modules found, entering strict repository configuration mode
2026-06-27T22:57:30.606+05:30  INFO 2936 --- [authentication-service] [           main] .s.d.r.c.RepositoryConfigurationDelegate : Bootstrapping Spring Data JPA repositories in DEFAULT mode.
2026-06-27T22:57:31.398+05:30  INFO 2936 --- [authentication-service] [           main] .s.d.r.c.RepositoryConfigurationDelegate : Finished Spring Data repository scanning in 743 ms. Found 2 JPA repository interfaces.
2026-06-27T22:57:31.481+05:30  INFO 2936 --- [authentication-service] [           main] .s.d.r.c.RepositoryConfigurationDelegate : Multiple Spring Data modules found, entering strict repository configuration mode
2026-06-27T22:57:31.489+05:30  INFO 2936 --- [authentication-service] [           main] .s.d.r.c.RepositoryConfigurationDelegate : Bootstrapping Spring Data Redis repositories in DEFAULT mode.
2026-06-27T22:57:31.571+05:30  INFO 2936 --- [authentication-service] [           main] .RepositoryConfigurationExtensionSupport : Spring Data Redis - Could not safely identify store assignment for repository candidate interface com.talent.platform.authenticationservice.AuthUserRepository; If you want this repository to be a Redis repository, consider annotating your entities with one of these annotations: org.springframework.data.redis.core.RedisHash (preferred), or consider extending one of the following types with your repository: org.springframework.data.keyvalue.repository.KeyValueRepository
2026-06-27T22:57:31.576+05:30  INFO 2936 --- [authentication-service] [           main] .RepositoryConfigurationExtensionSupport : Spring Data Redis - Could not safely identify store assignment for repository candidate interface com.talent.platform.authenticationservice.OutboxEventRepository; If you want this repository to be a Redis repository, consider annotating your entities with one of these annotations: org.springframework.data.redis.core.RedisHash (preferred), or consider extending one of the following types with your repository: org.springframework.data.keyvalue.repository.KeyValueRepository
2026-06-27T22:57:31.578+05:30  INFO 2936 --- [authentication-service] [           main] .s.d.r.c.RepositoryConfigurationDelegate : Finished Spring Data repository scanning in 20 ms. Found 0 Redis repository interfaces.
2026-06-27T22:57:33.663+05:30  INFO 2936 --- [authentication-service] [           main] o.s.cloud.context.scope.GenericScope     : BeanFactory id=fa491820-625b-3847-a5dd-d966d0569833
2026-06-27T22:57:40.199+05:30  INFO 2936 --- [authentication-service] [           main] o.s.b.w.embedded.tomcat.TomcatWebServer  : Tomcat initialized with port 8091 (http)
2026-06-27T22:57:40.258+05:30  INFO 2936 --- [authentication-service] [           main] o.apache.catalina.core.StandardService   : Starting service [Tomcat]
2026-06-27T22:57:40.261+05:30  INFO 2936 --- [authentication-service] [           main] o.apache.catalina.core.StandardEngine    : Starting Servlet engine: [Apache Tomcat/10.1.33]
2026-06-27T22:57:40.413+05:30  INFO 2936 --- [authentication-service] [           main] o.a.c.c.C.[Tomcat].[localhost].[/]       : Initializing Spring embedded WebApplicationContext
2026-06-27T22:57:40.423+05:30  INFO 2936 --- [authentication-service] [           main] w.s.c.ServletWebServerApplicationContext : Root WebApplicationContext: initialization completed in 16805 ms
2026-06-27T22:57:45.239+05:30  INFO 2936 --- [authentication-service] [           main] o.hibernate.jpa.internal.util.LogHelper  : HHH000204: Processing PersistenceUnitInfo [name: default]
2026-06-27T22:57:45.951+05:30  INFO 2936 --- [authentication-service] [           main] org.hibernate.Version                    : HHH000412: Hibernate ORM core version 6.6.2.Final
2026-06-27T22:57:46.251+05:30  INFO 2936 --- [authentication-service] [           main] o.h.c.internal.RegionFactoryInitiator    : HHH000026: Second-level cache disabled
2026-06-27T22:57:49.993+05:30  INFO 2936 --- [authentication-service] [           main] o.s.o.j.p.SpringPersistenceUnitInfo      : No LoadTimeWeaver setup: ignoring JPA class transformer
2026-06-27T22:57:50.246+05:30  INFO 2936 --- [authentication-service] [           main] com.zaxxer.hikari.HikariDataSource       : HikariPool-1 - Starting...
2026-06-27T22:58:02.728+05:30  INFO 2936 --- [authentication-service] [           main] com.zaxxer.hikari.pool.HikariPool        : HikariPool-1 - Added connection org.postgresql.jdbc.PgConnection@54ed249f
2026-06-27T22:58:02.790+05:30  INFO 2936 --- [authentication-service] [           main] com.zaxxer.hikari.HikariDataSource       : HikariPool-1 - Start completed.
2026-06-27T22:58:03.835+05:30  WARN 2936 --- [authentication-service] [           main] org.hibernate.orm.deprecation            : HHH90000025: PostgreSQLDialect does not need to be specified explicitly using 'hibernate.dialect' (remove the property setting and it will be selected by default)
2026-06-27T22:58:05.040+05:30  INFO 2936 --- [authentication-service] [           main] org.hibernate.orm.connections.pooling    : HHH10001005: Database info:
	Database JDBC URL [Connecting through datasource 'HikariDataSource (HikariPool-1)']
	Database driver: undefined/unknown
	Database version: 15.4
	Autocommit mode: undefined/unknown
	Isolation level: undefined/unknown
	Minimum pool size: undefined/unknown
	Maximum pool size: undefined/unknown
2026-06-27T22:58:28.699+05:30  INFO 2936 --- [authentication-service] [           main] o.h.e.t.j.p.i.JtaPlatformInitiator       : HHH000489: No JTA platform available (set 'hibernate.transaction.jta.platform' to enable JTA platform integration)
2026-06-27T22:58:31.551+05:30  INFO 2936 --- [authentication-service] [           main] j.LocalContainerEntityManagerFactoryBean : Initialized JPA EntityManagerFactory for persistence unit 'default'
2026-06-27T22:59:03.491+05:30  INFO 2936 --- [authentication-service] [           main] eAuthenticationProviderManagerConfigurer : Global AuthenticationManager configured with AuthenticationProvider bean with name authenticationProvider
2026-06-27T22:59:03.494+05:30  WARN 2936 --- [authentication-service] [           main] r$InitializeUserDetailsManagerConfigurer : Global AuthenticationManager configured with an AuthenticationProvider bean. UserDetailsService beans will not be used by Spring Security for automatically configuring username/password login. Consider removing the AuthenticationProvider bean. Alternatively, consider using the UserDetailsService in a manually instantiated DaoAuthenticationProvider. If the current configuration is intentional, to turn off this warning, increase the logging level of 'org.springframework.security.config.annotation.authentication.configuration.InitializeUserDetailsBeanManagerConfigurer' to ERROR
2026-06-27T22:59:06.070+05:30  INFO 2936 --- [authentication-service] [           main] o.s.d.j.r.query.QueryEnhancerFactory     : Hibernate is in classpath; If applicable, HQL parser will be used.
2026-06-27T22:59:12.048+05:30  WARN 2936 --- [authentication-service] [           main] JpaBaseConfiguration$JpaWebConfiguration : spring.jpa.open-in-view is enabled by default. Therefore, database queries may be performed during view rendering. Explicitly configure spring.jpa.open-in-view to disable this warning
2026-06-27T22:59:31.298+05:30  INFO 2936 --- [authentication-service] [           main] o.s.b.a.e.web.EndpointLinksResolver      : Exposing 3 endpoints beneath base path '/actuator'
2026-06-27T22:59:51.627+05:30  INFO 2936 --- [authentication-service] [           main] DiscoveryClientOptionalArgsConfiguration : Eureka HTTP Client uses RestTemplate.
2026-06-27T22:59:52.932+05:30  WARN 2936 --- [authentication-service] [           main] iguration$LoadBalancerCaffeineWarnLogger : Spring Cloud LoadBalancer is currently working with the default cache. While this cache implementation is useful for development and tests, it's recommended to use Caffeine cache in production.You can switch to using Caffeine cache, by adding it and org.springframework.cache.caffeine.CaffeineCacheManager to the classpath.
2026-06-27T22:59:53.668+05:30  INFO 2936 --- [authentication-service] [           main] o.s.c.n.eureka.InstanceInfoFactory       : Setting initial instance status as: STARTING
2026-06-27T22:59:53.923+05:30  INFO 2936 --- [authentication-service] [           main] com.netflix.discovery.DiscoveryClient    : Initializing Eureka in region us-east-1
2026-06-27T22:59:53.953+05:30  INFO 2936 --- [authentication-service] [           main] c.n.d.s.r.aws.ConfigClusterResolver      : Resolving eureka endpoints via configuration
2026-06-27T22:59:54.036+05:30  INFO 2936 --- [authentication-service] [           main] com.netflix.discovery.DiscoveryClient    : Disable delta property : false
2026-06-27T22:59:54.038+05:30  INFO 2936 --- [authentication-service] [           main] com.netflix.discovery.DiscoveryClient    : Single vip registry refresh property : null
2026-06-27T22:59:54.039+05:30  INFO 2936 --- [authentication-service] [           main] com.netflix.discovery.DiscoveryClient    : Force full registry fetch : false
2026-06-27T22:59:54.039+05:30  INFO 2936 --- [authentication-service] [           main] com.netflix.discovery.DiscoveryClient    : Application is null : false
2026-06-27T22:59:54.040+05:30  INFO 2936 --- [authentication-service] [           main] com.netflix.discovery.DiscoveryClient    : Registered Applications size is zero : true
2026-06-27T22:59:54.041+05:30  INFO 2936 --- [authentication-service] [           main] com.netflix.discovery.DiscoveryClient    : Application version is -1: true
2026-06-27T22:59:54.043+05:30  INFO 2936 --- [authentication-service] [           main] com.netflix.discovery.DiscoveryClient    : Getting all instance registry info from the eureka server
2026-06-27T23:00:01.946+05:30  INFO 2936 --- [authentication-service] [           main] com.netflix.discovery.DiscoveryClient    : The response status is 200
2026-06-27T23:00:02.001+05:30  INFO 2936 --- [authentication-service] [           main] com.netflix.discovery.DiscoveryClient    : Starting heartbeat executor: renew interval is: 30
2026-06-27T23:00:02.026+05:30  INFO 2936 --- [authentication-service] [           main] c.n.discovery.InstanceInfoReplicator     : InstanceInfoReplicator onDemand update allowed rate per min is 4
2026-06-27T23:00:02.043+05:30  INFO 2936 --- [authentication-service] [           main] com.netflix.discovery.DiscoveryClient    : Discovery Client initialized at timestamp 1782581402035 with initial instances count: 1
2026-06-27T23:00:02.146+05:30  INFO 2936 --- [authentication-service] [           main] o.s.c.n.e.s.EurekaServiceRegistry        : Registering application AUTHENTICATION-SERVICE with eureka with status UP
2026-06-27T23:00:02.157+05:30  INFO 2936 --- [authentication-service] [           main] com.netflix.discovery.DiscoveryClient    : Saw local status change event StatusChangeEvent [timestamp=1782581402156, current=UP, previous=STARTING]
2026-06-27T23:00:02.174+05:30  INFO 2936 --- [authentication-service] [foReplicator-%d] com.netflix.discovery.DiscoveryClient    : DiscoveryClient_AUTHENTICATION-SERVICE/PRIYANSHU-JAISWAL:authentication-service:8091: registering service...
2026-06-27T23:00:02.588+05:30  INFO 2936 --- [authentication-service] [           main] o.s.b.w.embedded.tomcat.TomcatWebServer  : Tomcat started on port 8091 (http) with context path '/'
2026-06-27T23:00:02.625+05:30  INFO 2936 --- [authentication-service] [           main] .s.c.n.e.s.EurekaAutoServiceRegistration : Updating port to 8091
2026-06-27T23:00:02.978+05:30  INFO 2936 --- [authentication-service] [foReplicator-%d] com.netflix.discovery.DiscoveryClient    : DiscoveryClient_AUTHENTICATION-SERVICE/PRIYANSHU-JAISWAL:authentication-service:8091 - registration status: 204
2026-06-27T23:00:08.914+05:30  INFO 2936 --- [authentication-service] [           main] c.t.p.a.AuthenticationServiceApplication : Started AuthenticationServiceApplication in 169.342 seconds (process running for 171.792)
Hibernate: SELECT * FROM outbox_events WHERE status = ? AND retry_count < ? ORDER BY created_at ASC LIMIT ? FOR UPDATE SKIP LOCKED
Hibernate: select au1_0.id from auth_users au1_0 where au1_0.email=? fetch first ? rows only
2026-06-27T23:00:13.157+05:30  INFO 2936 --- [authentication-service] [nio-8091-exec-1] o.a.c.c.C.[Tomcat].[localhost].[/]       : Initializing Spring DispatcherServlet 'dispatcherServlet'
2026-06-27T23:00:13.165+05:30  INFO 2936 --- [authentication-service] [nio-8091-exec-1] o.s.web.servlet.DispatcherServlet        : Initializing Servlet 'dispatcherServlet'
2026-06-27T23:00:13.182+05:30  INFO 2936 --- [authentication-service] [nio-8091-exec-1] o.s.web.servlet.DispatcherServlet        : Completed initialization in 15 ms
Hibernate: SELECT * FROM outbox_events WHERE status = ? AND retry_count < ? ORDER BY created_at ASC LIMIT ? FOR UPDATE SKIP LOCKED
Hibernate: SELECT * FROM outbox_events WHERE status = ? AND retry_count < ? ORDER BY created_at ASC LIMIT ? FOR UPDATE SKIP LOCKED
Hibernate: SELECT * FROM outbox_events WHERE status = ? AND retry_count < ? ORDER BY created_at ASC LIMIT ? FOR UPDATE SKIP LOCKED
Hibernate: SELECT * FROM outbox_events WHERE status = ? AND retry_count < ? ORDER BY created_at ASC LIMIT ? FOR UPDATE SKIP LOCKED
Hibernate: SELECT * FROM outbox_events WHERE status = ? AND retry_count < ? ORDER BY created_at ASC LIMIT ? FOR UPDATE SKIP LOCKED
Hibernate: SELECT * FROM outbox_events WHERE status = ? AND retry_count < ? ORDER BY created_at ASC LIMIT ? FOR UPDATE SKIP LOCKED
Hibernate: SELECT * FROM outbox_events WHERE status = ? AND retry_count < ? ORDER BY created_at ASC LIMIT ? FOR UPDATE SKIP LOCKED
Hibernate: SELECT * FROM outbox_events WHERE status = ? AND retry_count < ? ORDER BY created_at ASC LIMIT ? FOR UPDATE SKIP LOCKED
Hibernate: SELECT * FROM outbox_events WHERE status = ? AND retry_count < ? ORDER BY created_at ASC LIMIT ? FOR UPDATE SKIP LOCKED
Hibernate: SELECT * FROM outbox_events WHERE status = ? AND retry_count < ? ORDER BY created_at ASC LIMIT ? FOR UPDATE SKIP LOCKED
Hibernate: SELECT * FROM outbox_events WHERE status = ? AND retry_count < ? ORDER BY created_at ASC LIMIT ? FOR UPDATE SKIP LOCKED
Hibernate: SELECT * FROM outbox_events WHERE status = ? AND retry_count < ? ORDER BY created_at ASC LIMIT ? FOR UPDATE SKIP LOCKED
Hibernate: SELECT * FROM outbox_events WHERE status = ? AND retry_count < ? ORDER BY created_at ASC LIMIT ? FOR UPDATE SKIP LOCKED
Hibernate: SELECT * FROM outbox_events WHERE status = ? AND retry_count < ? ORDER BY created_at ASC LIMIT ? FOR UPDATE SKIP LOCKED
Hibernate: SELECT * FROM outbox_events WHERE status = ? AND retry_count < ? ORDER BY created_at ASC LIMIT ? FOR UPDATE SKIP LOCKED
Hibernate: SELECT * FROM outbox_events WHERE status = ? AND retry_count < ? ORDER BY created_at ASC LIMIT ? FOR UPDATE SKIP LOCKED
Hibernate: SELECT * FROM outbox_events WHERE status = ? AND retry_count < ? ORDER BY created_at ASC LIMIT ? FOR UPDATE SKIP LOCKED
Hibernate: SELECT * FROM outbox_events WHERE status = ? AND retry_count < ? ORDER BY created_at ASC LIMIT ? FOR UPDATE SKIP LOCKED
Hibernate: SELECT * FROM outbox_events WHERE status = ? AND retry_count < ? ORDER BY created_at ASC LIMIT ? FOR UPDATE SKIP LOCKED
Hibernate: SELECT * FROM outbox_events WHERE status = ? AND retry_count < ? ORDER BY created_at ASC LIMIT ? FOR UPDATE SKIP LOCKED
Hibernate: SELECT * FROM outbox_events WHERE status = ? AND retry_count < ? ORDER BY created_at ASC LIMIT ? FOR UPDATE SKIP LOCKED
Hibernate: SELECT * FROM outbox_events WHERE status = ? AND retry_count < ? ORDER BY created_at ASC LIMIT ? FOR UPDATE SKIP LOCKED
Hibernate: SELECT * FROM outbox_events WHERE status = ? AND retry_count < ? ORDER BY created_at ASC LIMIT ? FOR UPDATE SKIP LOCKED
Hibernate: SELECT * FROM outbox_events WHERE status = ? AND retry_count < ? ORDER BY created_at ASC LIMIT ? FOR UPDATE SKIP LOCKED
Hibernate: SELECT * FROM outbox_events WHERE status = ? AND retry_count < ? ORDER BY created_at ASC LIMIT ? FOR UPDATE SKIP LOCKED
Hibernate: SELECT * FROM outbox_events WHERE status = ? AND retry_count < ? ORDER BY created_at ASC LIMIT ? FOR UPDATE SKIP LOCKED
Hibernate: SELECT * FROM outbox_events WHERE status = ? AND retry_count < ? ORDER BY created_at ASC LIMIT ? FOR UPDATE SKIP LOCKED
Hibernate: SELECT * FROM outbox_events WHERE status = ? AND retry_count < ? ORDER BY created_at ASC LIMIT ? FOR UPDATE SKIP LOCKED
Hibernate: SELECT * FROM outbox_events WHERE status = ? AND retry_count < ? ORDER BY created_at ASC LIMIT ? FOR UPDATE SKIP LOCKED
Hibernate: SELECT * FROM outbox_events WHERE status = ? AND retry_count < ? ORDER BY created_at ASC LIMIT ? FOR UPDATE SKIP LOCKED
Hibernate: SELECT * FROM outbox_events WHERE status = ? AND retry_count < ? ORDER BY created_at ASC LIMIT ? FOR UPDATE SKIP LOCKED
Hibernate: SELECT * FROM outbox_events WHERE status = ? AND retry_count < ? ORDER BY created_at ASC LIMIT ? FOR UPDATE SKIP LOCKED
