
  .   ____          _            __ _ _
 /\\ / ___'_ __ _ _(_)_ __  __ _ \ \ \ \
( ( )\___ | '_ | '_| | '_ \/ _` | \ \ \ \
 \\/  ___)| |_)| | | | | || (_| |  ) ) ) )
  '  |____| .__|_| |_|_| |_\__, | / / / /
 =========|_|==============|___/=/_/_/_/

 :: Spring Boot ::                (v3.4.0)

2026-06-27T22:57:45.229+05:30  INFO 19116 --- [candidate-ranking-service] [           main] t.p.c.CandidateRankingServiceApplication : Starting CandidateRankingServiceApplication v0.0.1-SNAPSHOT using Java 17.0.17 with PID 19116 (C:\Users\HP\Downloads\AI_Screeming\candidate-ranking-service\target\candidate-ranking-service-0.0.1-SNAPSHOT.jar started by HP in C:\Users\HP\Downloads\AI_Screeming)
2026-06-27T22:57:45.235+05:30  INFO 19116 --- [candidate-ranking-service] [           main] t.p.c.CandidateRankingServiceApplication : No active profile set, falling back to 1 default profile: "default"
2026-06-27T22:58:19.570+05:30  INFO 19116 --- [candidate-ranking-service] [           main] .s.d.r.c.RepositoryConfigurationDelegate : Multiple Spring Data modules found, entering strict repository configuration mode
2026-06-27T22:58:19.641+05:30  INFO 19116 --- [candidate-ranking-service] [           main] .s.d.r.c.RepositoryConfigurationDelegate : Bootstrapping Spring Data JPA repositories in DEFAULT mode.
2026-06-27T22:58:23.048+05:30  INFO 19116 --- [candidate-ranking-service] [           main] .s.d.r.c.RepositoryConfigurationDelegate : Finished Spring Data repository scanning in 3211 ms. Found 2 JPA repository interfaces.
2026-06-27T22:58:25.768+05:30  INFO 19116 --- [candidate-ranking-service] [           main] .s.d.r.c.RepositoryConfigurationDelegate : Multiple Spring Data modules found, entering strict repository configuration mode
2026-06-27T22:58:25.780+05:30  INFO 19116 --- [candidate-ranking-service] [           main] .s.d.r.c.RepositoryConfigurationDelegate : Bootstrapping Spring Data Redis repositories in DEFAULT mode.
2026-06-27T22:58:25.941+05:30  INFO 19116 --- [candidate-ranking-service] [           main] .RepositoryConfigurationExtensionSupport : Spring Data Redis - Could not safely identify store assignment for repository candidate interface com.talent.platform.candidaterankingservice.repository.ProcessedEventRepository; If you want this repository to be a Redis repository, consider annotating your entities with one of these annotations: org.springframework.data.redis.core.RedisHash (preferred), or consider extending one of the following types with your repository: org.springframework.data.keyvalue.repository.KeyValueRepository
2026-06-27T22:58:25.961+05:30  INFO 19116 --- [candidate-ranking-service] [           main] .RepositoryConfigurationExtensionSupport : Spring Data Redis - Could not safely identify store assignment for repository candidate interface com.talent.platform.candidaterankingservice.repository.ScreeningReportRepository; If you want this repository to be a Redis repository, consider annotating your entities with one of these annotations: org.springframework.data.redis.core.RedisHash (preferred), or consider extending one of the following types with your repository: org.springframework.data.keyvalue.repository.KeyValueRepository
2026-06-27T22:58:25.963+05:30  INFO 19116 --- [candidate-ranking-service] [           main] .s.d.r.c.RepositoryConfigurationDelegate : Finished Spring Data repository scanning in 58 ms. Found 0 Redis repository interfaces.
2026-06-27T22:58:29.934+05:30  INFO 19116 --- [candidate-ranking-service] [           main] o.s.cloud.context.scope.GenericScope     : BeanFactory id=979bba6e-468c-3cd1-ab40-0b125dabf35a
2026-06-27T22:58:51.652+05:30  INFO 19116 --- [candidate-ranking-service] [           main] o.s.b.w.embedded.tomcat.TomcatWebServer  : Tomcat initialized with port 8086 (http)
2026-06-27T22:58:51.883+05:30  INFO 19116 --- [candidate-ranking-service] [           main] o.apache.catalina.core.StandardService   : Starting service [Tomcat]
2026-06-27T22:58:51.884+05:30  INFO 19116 --- [candidate-ranking-service] [           main] o.apache.catalina.core.StandardEngine    : Starting Servlet engine: [Apache Tomcat/10.1.33]
2026-06-27T22:58:53.113+05:30  INFO 19116 --- [candidate-ranking-service] [           main] o.a.c.c.C.[Tomcat].[localhost].[/]       : Initializing Spring embedded WebApplicationContext
2026-06-27T22:58:53.156+05:30  INFO 19116 --- [candidate-ranking-service] [           main] w.s.c.ServletWebServerApplicationContext : Root WebApplicationContext: initialization completed in 67500 ms
2026-06-27T22:59:24.246+05:30  INFO 19116 --- [candidate-ranking-service] [           main] o.hibernate.jpa.internal.util.LogHelper  : HHH000204: Processing PersistenceUnitInfo [name: default]
2026-06-27T22:59:26.344+05:30  INFO 19116 --- [candidate-ranking-service] [           main] org.hibernate.Version                    : HHH000412: Hibernate ORM core version 6.6.2.Final
2026-06-27T22:59:32.872+05:30  INFO 19116 --- [candidate-ranking-service] [           main] o.h.c.internal.RegionFactoryInitiator    : HHH000026: Second-level cache disabled
2026-06-27T22:59:40.115+05:30  INFO 19116 --- [candidate-ranking-service] [           main] o.s.o.j.p.SpringPersistenceUnitInfo      : No LoadTimeWeaver setup: ignoring JPA class transformer
2026-06-27T22:59:40.648+05:30  INFO 19116 --- [candidate-ranking-service] [           main] com.zaxxer.hikari.HikariDataSource       : HikariPool-1 - Starting...
2026-06-27T22:59:45.997+05:30  INFO 19116 --- [candidate-ranking-service] [           main] com.zaxxer.hikari.pool.HikariPool        : HikariPool-1 - Added connection org.postgresql.jdbc.PgConnection@66c32e15
2026-06-27T22:59:46.007+05:30  INFO 19116 --- [candidate-ranking-service] [           main] com.zaxxer.hikari.HikariDataSource       : HikariPool-1 - Start completed.
2026-06-27T22:59:47.083+05:30  WARN 19116 --- [candidate-ranking-service] [           main] org.hibernate.orm.deprecation            : HHH90000025: PostgreSQLDialect does not need to be specified explicitly using 'hibernate.dialect' (remove the property setting and it will be selected by default)
2026-06-27T22:59:47.752+05:30  INFO 19116 --- [candidate-ranking-service] [           main] org.hibernate.orm.connections.pooling    : HHH10001005: Database info:
	Database JDBC URL [Connecting through datasource 'HikariDataSource (HikariPool-1)']
	Database driver: undefined/unknown
	Database version: 15.4
	Autocommit mode: undefined/unknown
	Isolation level: undefined/unknown
	Minimum pool size: undefined/unknown
	Maximum pool size: undefined/unknown
2026-06-27T23:00:02.259+05:30  INFO 19116 --- [candidate-ranking-service] [           main] o.h.e.t.j.p.i.JtaPlatformInitiator       : HHH000489: No JTA platform available (set 'hibernate.transaction.jta.platform' to enable JTA platform integration)
2026-06-27T23:00:03.114+05:30  INFO 19116 --- [candidate-ranking-service] [           main] j.LocalContainerEntityManagerFactoryBean : Initialized JPA EntityManagerFactory for persistence unit 'default'
2026-06-27T23:00:20.693+05:30  INFO 19116 --- [candidate-ranking-service] [           main] c.t.p.c.config.CircuitBreakerLogConfig   : [Resilience4j] Registering state transition listener for Circuit Breaker: ai-screening-service
2026-06-27T23:00:44.572+05:30  WARN 19116 --- [candidate-ranking-service] [           main] JpaBaseConfiguration$JpaWebConfiguration : spring.jpa.open-in-view is enabled by default. Therefore, database queries may be performed during view rendering. Explicitly configure spring.jpa.open-in-view to disable this warning
2026-06-27T23:00:54.518+05:30  INFO 19116 --- [candidate-ranking-service] [           main] o.s.c.openfeign.FeignClientFactoryBean   : For 'ai-screening-service' URL not provided. Will try picking an instance via load-balancing.
2026-06-27T23:01:10.945+05:30  INFO 19116 --- [candidate-ranking-service] [           main] o.s.c.openfeign.FeignClientFactoryBean   : For 'resume-management-service' URL not provided. Will try picking an instance via load-balancing.
2026-06-27T23:01:11.477+05:30  INFO 19116 --- [candidate-ranking-service] [           main] o.s.c.openfeign.FeignClientFactoryBean   : For 'job-description-service' URL not provided. Will try picking an instance via load-balancing.
2026-06-27T23:01:12.568+05:30  INFO 19116 --- [candidate-ranking-service] [           main] o.s.c.openfeign.FeignClientFactoryBean   : For 'ai-screening-service' URL not provided. Will try picking an instance via load-balancing.
2026-06-27T23:01:19.239+05:30  WARN 19116 --- [candidate-ranking-service] [           main] .s.s.UserDetailsServiceAutoConfiguration : 

Using generated security password: 5744d642-ce7d-49c9-89c6-4cfea01fec00

This generated password is for development use only. Your security configuration must be updated before running your application in production.

2026-06-27T23:01:19.367+05:30  INFO 19116 --- [candidate-ranking-service] [           main] r$InitializeUserDetailsManagerConfigurer : Global AuthenticationManager configured with UserDetailsService bean with name inMemoryUserDetailsManager
2026-06-27T23:01:30.466+05:30  INFO 19116 --- [candidate-ranking-service] [           main] o.s.b.a.e.web.EndpointLinksResolver      : Exposing 4 endpoints beneath base path '/actuator'
2026-06-27T23:01:44.966+05:30  INFO 19116 --- [candidate-ranking-service] [           main] DiscoveryClientOptionalArgsConfiguration : Eureka HTTP Client uses RestTemplate.
2026-06-27T23:01:45.654+05:30  WARN 19116 --- [candidate-ranking-service] [           main] iguration$LoadBalancerCaffeineWarnLogger : Spring Cloud LoadBalancer is currently working with the default cache. While this cache implementation is useful for development and tests, it's recommended to use Caffeine cache in production.You can switch to using Caffeine cache, by adding it and org.springframework.cache.caffeine.CaffeineCacheManager to the classpath.
2026-06-27T23:01:46.393+05:30  INFO 19116 --- [candidate-ranking-service] [           main] o.a.k.clients.admin.AdminClientConfig    : AdminClientConfig values: 
	auto.include.jmx.reporter = true
	bootstrap.controllers = []
	bootstrap.servers = [localhost:9092]
	client.dns.lookup = use_all_dns_ips
	client.id = candidate-ranking-service-admin-0
	connections.max.idle.ms = 300000
	default.api.timeout.ms = 60000
	enable.metrics.push = true
	metadata.max.age.ms = 300000
	metadata.recovery.strategy = none
	metric.reporters = []
	metrics.num.samples = 2
	metrics.recording.level = INFO
	metrics.sample.window.ms = 30000
	receive.buffer.bytes = 65536
	reconnect.backoff.max.ms = 1000
	reconnect.backoff.ms = 50
	request.timeout.ms = 30000
	retries = 2147483647
	retry.backoff.max.ms = 1000
	retry.backoff.ms = 100
	sasl.client.callback.handler.class = null
	sasl.jaas.config = null
	sasl.kerberos.kinit.cmd = /usr/bin/kinit
	sasl.kerberos.min.time.before.relogin = 60000
	sasl.kerberos.service.name = null
	sasl.kerberos.ticket.renew.jitter = 0.05
	sasl.kerberos.ticket.renew.window.factor = 0.8
	sasl.login.callback.handler.class = null
	sasl.login.class = null
	sasl.login.connect.timeout.ms = null
	sasl.login.read.timeout.ms = null
	sasl.login.refresh.buffer.seconds = 300
	sasl.login.refresh.min.period.seconds = 60
	sasl.login.refresh.window.factor = 0.8
	sasl.login.refresh.window.jitter = 0.05
	sasl.login.retry.backoff.max.ms = 10000
	sasl.login.retry.backoff.ms = 100
	sasl.mechanism = GSSAPI
	sasl.oauthbearer.clock.skew.seconds = 30
	sasl.oauthbearer.expected.audience = null
	sasl.oauthbearer.expected.issuer = null
	sasl.oauthbearer.jwks.endpoint.refresh.ms = 3600000
	sasl.oauthbearer.jwks.endpoint.retry.backoff.max.ms = 10000
	sasl.oauthbearer.jwks.endpoint.retry.backoff.ms = 100
	sasl.oauthbearer.jwks.endpoint.url = null
	sasl.oauthbearer.scope.claim.name = scope
	sasl.oauthbearer.sub.claim.name = sub
	sasl.oauthbearer.token.endpoint.url = null
	security.protocol = PLAINTEXT
	security.providers = null
	send.buffer.bytes = 131072
	socket.connection.setup.timeout.max.ms = 30000
	socket.connection.setup.timeout.ms = 10000
	ssl.cipher.suites = null
	ssl.enabled.protocols = [TLSv1.2, TLSv1.3]
	ssl.endpoint.identification.algorithm = https
	ssl.engine.factory.class = null
	ssl.key.password = null
	ssl.keymanager.algorithm = SunX509
	ssl.keystore.certificate.chain = null
	ssl.keystore.key = null
	ssl.keystore.location = null
	ssl.keystore.password = null
	ssl.keystore.type = JKS
	ssl.protocol = TLSv1.3
	ssl.provider = null
	ssl.secure.random.implementation = null
	ssl.trustmanager.algorithm = PKIX
	ssl.truststore.certificates = null
	ssl.truststore.location = null
	ssl.truststore.password = null
	ssl.truststore.type = JKS

2026-06-27T23:01:47.987+05:30  INFO 19116 --- [candidate-ranking-service] [           main] o.a.kafka.common.utils.AppInfoParser     : Kafka version: 3.8.1
2026-06-27T23:01:47.989+05:30  INFO 19116 --- [candidate-ranking-service] [           main] o.a.kafka.common.utils.AppInfoParser     : Kafka commitId: 70d6ff42debf7e17
2026-06-27T23:01:47.990+05:30  INFO 19116 --- [candidate-ranking-service] [           main] o.a.kafka.common.utils.AppInfoParser     : Kafka startTimeMs: 1782581507978
2026-06-27T23:01:51.134+05:30  WARN 19116 --- [candidate-ranking-service] [service-admin-0] o.a.k.clients.admin.KafkaAdminClient     : [AdminClient clientId=candidate-ranking-service-admin-0] The DescribeTopicPartitions API is not supported, using Metadata API to describe topics.
2026-06-27T23:01:51.158+05:30  INFO 19116 --- [candidate-ranking-service] [service-admin-0] o.a.kafka.common.utils.AppInfoParser     : App info kafka.admin.client for candidate-ranking-service-admin-0 unregistered
2026-06-27T23:01:51.276+05:30  INFO 19116 --- [candidate-ranking-service] [service-admin-0] o.apache.kafka.common.metrics.Metrics    : Metrics scheduler closed
2026-06-27T23:01:51.278+05:30  INFO 19116 --- [candidate-ranking-service] [service-admin-0] o.apache.kafka.common.metrics.Metrics    : Closing reporter org.apache.kafka.common.metrics.JmxReporter
2026-06-27T23:01:51.279+05:30  INFO 19116 --- [candidate-ranking-service] [service-admin-0] o.apache.kafka.common.metrics.Metrics    : Metrics reporters closed
2026-06-27T23:01:51.505+05:30  INFO 19116 --- [candidate-ranking-service] [           main] o.s.c.n.eureka.InstanceInfoFactory       : Setting initial instance status as: STARTING
2026-06-27T23:01:52.380+05:30  INFO 19116 --- [candidate-ranking-service] [           main] com.netflix.discovery.DiscoveryClient    : Initializing Eureka in region us-east-1
2026-06-27T23:01:52.760+05:30  INFO 19116 --- [candidate-ranking-service] [           main] c.n.d.s.r.aws.ConfigClusterResolver      : Resolving eureka endpoints via configuration
2026-06-27T23:01:52.948+05:30  INFO 19116 --- [candidate-ranking-service] [           main] com.netflix.discovery.DiscoveryClient    : Disable delta property : false
2026-06-27T23:01:52.949+05:30  INFO 19116 --- [candidate-ranking-service] [           main] com.netflix.discovery.DiscoveryClient    : Single vip registry refresh property : null
2026-06-27T23:01:52.950+05:30  INFO 19116 --- [candidate-ranking-service] [           main] com.netflix.discovery.DiscoveryClient    : Force full registry fetch : false
2026-06-27T23:01:52.952+05:30  INFO 19116 --- [candidate-ranking-service] [           main] com.netflix.discovery.DiscoveryClient    : Application is null : false
2026-06-27T23:01:52.952+05:30  INFO 19116 --- [candidate-ranking-service] [           main] com.netflix.discovery.DiscoveryClient    : Registered Applications size is zero : true
2026-06-27T23:01:52.953+05:30  INFO 19116 --- [candidate-ranking-service] [           main] com.netflix.discovery.DiscoveryClient    : Application version is -1: true
2026-06-27T23:01:52.954+05:30  INFO 19116 --- [candidate-ranking-service] [           main] com.netflix.discovery.DiscoveryClient    : Getting all instance registry info from the eureka server
2026-06-27T23:01:54.818+05:30  INFO 19116 --- [candidate-ranking-service] [           main] com.netflix.discovery.DiscoveryClient    : The response status is 200
2026-06-27T23:01:54.832+05:30  INFO 19116 --- [candidate-ranking-service] [           main] com.netflix.discovery.DiscoveryClient    : Starting heartbeat executor: renew interval is: 30
2026-06-27T23:01:54.892+05:30  INFO 19116 --- [candidate-ranking-service] [           main] c.n.discovery.InstanceInfoReplicator     : InstanceInfoReplicator onDemand update allowed rate per min is 4
2026-06-27T23:01:54.907+05:30  INFO 19116 --- [candidate-ranking-service] [           main] com.netflix.discovery.DiscoveryClient    : Discovery Client initialized at timestamp 1782581514902 with initial instances count: 6
2026-06-27T23:01:55.007+05:30  INFO 19116 --- [candidate-ranking-service] [           main] o.s.c.n.e.s.EurekaServiceRegistry        : Registering application CANDIDATE-RANKING-SERVICE with eureka with status UP
2026-06-27T23:01:55.009+05:30  INFO 19116 --- [candidate-ranking-service] [           main] com.netflix.discovery.DiscoveryClient    : Saw local status change event StatusChangeEvent [timestamp=1782581515009, current=UP, previous=STARTING]
2026-06-27T23:01:55.027+05:30  INFO 19116 --- [candidate-ranking-service] [foReplicator-%d] com.netflix.discovery.DiscoveryClient    : DiscoveryClient_CANDIDATE-RANKING-SERVICE/PRIYANSHU-JAISWAL:candidate-ranking-service:8086: registering service...
2026-06-27T23:01:55.184+05:30  INFO 19116 --- [candidate-ranking-service] [           main] o.s.b.w.embedded.tomcat.TomcatWebServer  : Tomcat started on port 8086 (http) with context path '/'
2026-06-27T23:01:55.191+05:30  INFO 19116 --- [candidate-ranking-service] [           main] .s.c.n.e.s.EurekaAutoServiceRegistration : Updating port to 8086
2026-06-27T23:01:55.350+05:30  INFO 19116 --- [candidate-ranking-service] [foReplicator-%d] com.netflix.discovery.DiscoveryClient    : DiscoveryClient_CANDIDATE-RANKING-SERVICE/PRIYANSHU-JAISWAL:candidate-ranking-service:8086 - registration status: 204
2026-06-27T23:01:57.939+05:30  INFO 19116 --- [candidate-ranking-service] [           main] o.a.k.clients.consumer.ConsumerConfig    : ConsumerConfig values: 
	allow.auto.create.topics = true
	auto.commit.interval.ms = 5000
	auto.include.jmx.reporter = true
	auto.offset.reset = latest
	bootstrap.servers = [localhost:9092]
	check.crcs = true
	client.dns.lookup = use_all_dns_ips
	client.id = consumer-candidate-ranking-group-dlt-1
	client.rack = 
	connections.max.idle.ms = 540000
	default.api.timeout.ms = 60000
	enable.auto.commit = false
	enable.metrics.push = true
	exclude.internal.topics = true
	fetch.max.bytes = 52428800
	fetch.max.wait.ms = 500
	fetch.min.bytes = 1
	group.id = candidate-ranking-group-dlt
	group.instance.id = null
	group.protocol = classic
	group.remote.assignor = null
	heartbeat.interval.ms = 3000
	interceptor.classes = []
	internal.leave.group.on.close = true
	internal.throw.on.fetch.stable.offset.unsupported = false
	isolation.level = read_uncommitted
	key.deserializer = class org.apache.kafka.common.serialization.StringDeserializer
	max.partition.fetch.bytes = 1048576
	max.poll.interval.ms = 300000
	max.poll.records = 500
	metadata.max.age.ms = 300000
	metadata.recovery.strategy = none
	metric.reporters = []
	metrics.num.samples = 2
	metrics.recording.level = INFO
	metrics.sample.window.ms = 30000
	partition.assignment.strategy = [class org.apache.kafka.clients.consumer.RangeAssignor, class org.apache.kafka.clients.consumer.CooperativeStickyAssignor]
	receive.buffer.bytes = 65536
	reconnect.backoff.max.ms = 1000
	reconnect.backoff.ms = 50
	request.timeout.ms = 30000
	retry.backoff.max.ms = 1000
	retry.backoff.ms = 100
	sasl.client.callback.handler.class = null
	sasl.jaas.config = null
	sasl.kerberos.kinit.cmd = /usr/bin/kinit
	sasl.kerberos.min.time.before.relogin = 60000
	sasl.kerberos.service.name = null
	sasl.kerberos.ticket.renew.jitter = 0.05
	sasl.kerberos.ticket.renew.window.factor = 0.8
	sasl.login.callback.handler.class = null
	sasl.login.class = null
	sasl.login.connect.timeout.ms = null
	sasl.login.read.timeout.ms = null
	sasl.login.refresh.buffer.seconds = 300
	sasl.login.refresh.min.period.seconds = 60
	sasl.login.refresh.window.factor = 0.8
	sasl.login.refresh.window.jitter = 0.05
	sasl.login.retry.backoff.max.ms = 10000
	sasl.login.retry.backoff.ms = 100
	sasl.mechanism = GSSAPI
	sasl.oauthbearer.clock.skew.seconds = 30
	sasl.oauthbearer.expected.audience = null
	sasl.oauthbearer.expected.issuer = null
	sasl.oauthbearer.jwks.endpoint.refresh.ms = 3600000
	sasl.oauthbearer.jwks.endpoint.retry.backoff.max.ms = 10000
	sasl.oauthbearer.jwks.endpoint.retry.backoff.ms = 100
	sasl.oauthbearer.jwks.endpoint.url = null
	sasl.oauthbearer.scope.claim.name = scope
	sasl.oauthbearer.sub.claim.name = sub
	sasl.oauthbearer.token.endpoint.url = null
	security.protocol = PLAINTEXT
	security.providers = null
	send.buffer.bytes = 131072
	session.timeout.ms = 45000
	socket.connection.setup.timeout.max.ms = 30000
	socket.connection.setup.timeout.ms = 10000
	ssl.cipher.suites = null
	ssl.enabled.protocols = [TLSv1.2, TLSv1.3]
	ssl.endpoint.identification.algorithm = https
	ssl.engine.factory.class = null
	ssl.key.password = null
	ssl.keymanager.algorithm = SunX509
	ssl.keystore.certificate.chain = null
	ssl.keystore.key = null
	ssl.keystore.location = null
	ssl.keystore.password = null
	ssl.keystore.type = JKS
	ssl.protocol = TLSv1.3
	ssl.provider = null
	ssl.secure.random.implementation = null
	ssl.trustmanager.algorithm = PKIX
	ssl.truststore.certificates = null
	ssl.truststore.location = null
	ssl.truststore.password = null
	ssl.truststore.type = JKS
	value.deserializer = class org.springframework.kafka.support.serializer.JsonDeserializer

2026-06-27T23:01:59.100+05:30  INFO 19116 --- [candidate-ranking-service] [           main] o.a.k.c.t.i.KafkaMetricsCollector        : initializing Kafka metrics collector
2026-06-27T23:01:59.489+05:30  INFO 19116 --- [candidate-ranking-service] [           main] o.a.kafka.common.utils.AppInfoParser     : Kafka version: 3.8.1
2026-06-27T23:01:59.490+05:30  INFO 19116 --- [candidate-ranking-service] [           main] o.a.kafka.common.utils.AppInfoParser     : Kafka commitId: 70d6ff42debf7e17
2026-06-27T23:01:59.491+05:30  INFO 19116 --- [candidate-ranking-service] [           main] o.a.kafka.common.utils.AppInfoParser     : Kafka startTimeMs: 1782581519489
2026-06-27T23:01:59.583+05:30  INFO 19116 --- [candidate-ranking-service] [           main] o.a.k.c.c.internals.LegacyKafkaConsumer  : [Consumer clientId=consumer-candidate-ranking-group-dlt-1, groupId=candidate-ranking-group-dlt] Subscribed to topic(s): resume-parsed-dlt
2026-06-27T23:01:59.664+05:30  INFO 19116 --- [candidate-ranking-service] [           main] o.a.k.clients.consumer.ConsumerConfig    : ConsumerConfig values: 
	allow.auto.create.topics = true
	auto.commit.interval.ms = 5000
	auto.include.jmx.reporter = true
	auto.offset.reset = latest
	bootstrap.servers = [localhost:9092]
	check.crcs = true
	client.dns.lookup = use_all_dns_ips
	client.id = consumer-candidate-ranking-group-retry-6000-2
	client.rack = 
	connections.max.idle.ms = 540000
	default.api.timeout.ms = 60000
	enable.auto.commit = false
	enable.metrics.push = true
	exclude.internal.topics = true
	fetch.max.bytes = 52428800
	fetch.max.wait.ms = 500
	fetch.min.bytes = 1
	group.id = candidate-ranking-group-retry-6000
	group.instance.id = null
	group.protocol = classic
	group.remote.assignor = null
	heartbeat.interval.ms = 3000
	interceptor.classes = []
	internal.leave.group.on.close = true
	internal.throw.on.fetch.stable.offset.unsupported = false
	isolation.level = read_uncommitted
	key.deserializer = class org.apache.kafka.common.serialization.StringDeserializer
	max.partition.fetch.bytes = 1048576
	max.poll.interval.ms = 300000
	max.poll.records = 500
	metadata.max.age.ms = 300000
	metadata.recovery.strategy = none
	metric.reporters = []
	metrics.num.samples = 2
	metrics.recording.level = INFO
	metrics.sample.window.ms = 30000
	partition.assignment.strategy = [class org.apache.kafka.clients.consumer.RangeAssignor, class org.apache.kafka.clients.consumer.CooperativeStickyAssignor]
	receive.buffer.bytes = 65536
	reconnect.backoff.max.ms = 1000
	reconnect.backoff.ms = 50
	request.timeout.ms = 30000
	retry.backoff.max.ms = 1000
	retry.backoff.ms = 100
	sasl.client.callback.handler.class = null
	sasl.jaas.config = null
	sasl.kerberos.kinit.cmd = /usr/bin/kinit
	sasl.kerberos.min.time.before.relogin = 60000
	sasl.kerberos.service.name = null
	sasl.kerberos.ticket.renew.jitter = 0.05
	sasl.kerberos.ticket.renew.window.factor = 0.8
	sasl.login.callback.handler.class = null
	sasl.login.class = null
	sasl.login.connect.timeout.ms = null
	sasl.login.read.timeout.ms = null
	sasl.login.refresh.buffer.seconds = 300
	sasl.login.refresh.min.period.seconds = 60
	sasl.login.refresh.window.factor = 0.8
	sasl.login.refresh.window.jitter = 0.05
	sasl.login.retry.backoff.max.ms = 10000
	sasl.login.retry.backoff.ms = 100
	sasl.mechanism = GSSAPI
	sasl.oauthbearer.clock.skew.seconds = 30
	sasl.oauthbearer.expected.audience = null
	sasl.oauthbearer.expected.issuer = null
	sasl.oauthbearer.jwks.endpoint.refresh.ms = 3600000
	sasl.oauthbearer.jwks.endpoint.retry.backoff.max.ms = 10000
	sasl.oauthbearer.jwks.endpoint.retry.backoff.ms = 100
	sasl.oauthbearer.jwks.endpoint.url = null
	sasl.oauthbearer.scope.claim.name = scope
	sasl.oauthbearer.sub.claim.name = sub
	sasl.oauthbearer.token.endpoint.url = null
	security.protocol = PLAINTEXT
	security.providers = null
	send.buffer.bytes = 131072
	session.timeout.ms = 45000
	socket.connection.setup.timeout.max.ms = 30000
	socket.connection.setup.timeout.ms = 10000
	ssl.cipher.suites = null
	ssl.enabled.protocols = [TLSv1.2, TLSv1.3]
	ssl.endpoint.identification.algorithm = https
	ssl.engine.factory.class = null
	ssl.key.password = null
	ssl.keymanager.algorithm = SunX509
	ssl.keystore.certificate.chain = null
	ssl.keystore.key = null
	ssl.keystore.location = null
	ssl.keystore.password = null
	ssl.keystore.type = JKS
	ssl.protocol = TLSv1.3
	ssl.provider = null
	ssl.secure.random.implementation = null
	ssl.trustmanager.algorithm = PKIX
	ssl.truststore.certificates = null
	ssl.truststore.location = null
	ssl.truststore.password = null
	ssl.truststore.type = JKS
	value.deserializer = class org.springframework.kafka.support.serializer.JsonDeserializer

2026-06-27T23:01:59.676+05:30  INFO 19116 --- [candidate-ranking-service] [           main] o.a.k.c.t.i.KafkaMetricsCollector        : initializing Kafka metrics collector
2026-06-27T23:01:59.749+05:30  INFO 19116 --- [candidate-ranking-service] [           main] o.a.kafka.common.utils.AppInfoParser     : Kafka version: 3.8.1
2026-06-27T23:01:59.768+05:30  INFO 19116 --- [candidate-ranking-service] [           main] o.a.kafka.common.utils.AppInfoParser     : Kafka commitId: 70d6ff42debf7e17
2026-06-27T23:01:59.769+05:30  INFO 19116 --- [candidate-ranking-service] [           main] o.a.kafka.common.utils.AppInfoParser     : Kafka startTimeMs: 1782581519749
2026-06-27T23:01:59.783+05:30  INFO 19116 --- [candidate-ranking-service] [ner#1-dlt-0-C-1] org.apache.kafka.clients.Metadata        : [Consumer clientId=consumer-candidate-ranking-group-dlt-1, groupId=candidate-ranking-group-dlt] Cluster ID: jhM2pLIBS0a3lxdugEdPHQ
2026-06-27T23:01:59.791+05:30  INFO 19116 --- [candidate-ranking-service] [ner#1-dlt-0-C-1] o.a.k.c.c.internals.ConsumerCoordinator  : [Consumer clientId=consumer-candidate-ranking-group-dlt-1, groupId=candidate-ranking-group-dlt] Discovered group coordinator localhost:9092 (id: 2147483646 rack: null)
2026-06-27T23:01:59.813+05:30  INFO 19116 --- [candidate-ranking-service] [ner#1-dlt-0-C-1] o.a.k.c.c.internals.ConsumerCoordinator  : [Consumer clientId=consumer-candidate-ranking-group-dlt-1, groupId=candidate-ranking-group-dlt] (Re-)joining group
2026-06-27T23:01:59.888+05:30  INFO 19116 --- [candidate-ranking-service] [           main] o.a.k.c.c.internals.LegacyKafkaConsumer  : [Consumer clientId=consumer-candidate-ranking-group-retry-6000-2, groupId=candidate-ranking-group-retry-6000] Subscribed to topic(s): resume-parsed-retry-6000
2026-06-27T23:01:59.902+05:30  INFO 19116 --- [candidate-ranking-service] [           main] o.a.k.clients.consumer.ConsumerConfig    : ConsumerConfig values: 
	allow.auto.create.topics = true
	auto.commit.interval.ms = 5000
	auto.include.jmx.reporter = true
	auto.offset.reset = latest
	bootstrap.servers = [localhost:9092]
	check.crcs = true
	client.dns.lookup = use_all_dns_ips
	client.id = consumer-candidate-ranking-group-retry-3000-3
	client.rack = 
	connections.max.idle.ms = 540000
	default.api.timeout.ms = 60000
	enable.auto.commit = false
	enable.metrics.push = true
	exclude.internal.topics = true
	fetch.max.bytes = 52428800
	fetch.max.wait.ms = 500
	fetch.min.bytes = 1
	group.id = candidate-ranking-group-retry-3000
	group.instance.id = null
	group.protocol = classic
	group.remote.assignor = null
	heartbeat.interval.ms = 3000
	interceptor.classes = []
	internal.leave.group.on.close = true
	internal.throw.on.fetch.stable.offset.unsupported = false
	isolation.level = read_uncommitted
	key.deserializer = class org.apache.kafka.common.serialization.StringDeserializer
	max.partition.fetch.bytes = 1048576
	max.poll.interval.ms = 300000
	max.poll.records = 500
	metadata.max.age.ms = 300000
	metadata.recovery.strategy = none
	metric.reporters = []
	metrics.num.samples = 2
	metrics.recording.level = INFO
	metrics.sample.window.ms = 30000
	partition.assignment.strategy = [class org.apache.kafka.clients.consumer.RangeAssignor, class org.apache.kafka.clients.consumer.CooperativeStickyAssignor]
	receive.buffer.bytes = 65536
	reconnect.backoff.max.ms = 1000
	reconnect.backoff.ms = 50
	request.timeout.ms = 30000
	retry.backoff.max.ms = 1000
	retry.backoff.ms = 100
	sasl.client.callback.handler.class = null
	sasl.jaas.config = null
	sasl.kerberos.kinit.cmd = /usr/bin/kinit
	sasl.kerberos.min.time.before.relogin = 60000
	sasl.kerberos.service.name = null
	sasl.kerberos.ticket.renew.jitter = 0.05
	sasl.kerberos.ticket.renew.window.factor = 0.8
	sasl.login.callback.handler.class = null
	sasl.login.class = null
	sasl.login.connect.timeout.ms = null
	sasl.login.read.timeout.ms = null
	sasl.login.refresh.buffer.seconds = 300
	sasl.login.refresh.min.period.seconds = 60
	sasl.login.refresh.window.factor = 0.8
	sasl.login.refresh.window.jitter = 0.05
	sasl.login.retry.backoff.max.ms = 10000
	sasl.login.retry.backoff.ms = 100
	sasl.mechanism = GSSAPI
	sasl.oauthbearer.clock.skew.seconds = 30
	sasl.oauthbearer.expected.audience = null
	sasl.oauthbearer.expected.issuer = null
	sasl.oauthbearer.jwks.endpoint.refresh.ms = 3600000
	sasl.oauthbearer.jwks.endpoint.retry.backoff.max.ms = 10000
	sasl.oauthbearer.jwks.endpoint.retry.backoff.ms = 100
	sasl.oauthbearer.jwks.endpoint.url = null
	sasl.oauthbearer.scope.claim.name = scope
	sasl.oauthbearer.sub.claim.name = sub
	sasl.oauthbearer.token.endpoint.url = null
	security.protocol = PLAINTEXT
	security.providers = null
	send.buffer.bytes = 131072
	session.timeout.ms = 45000
	socket.connection.setup.timeout.max.ms = 30000
	socket.connection.setup.timeout.ms = 10000
	ssl.cipher.suites = null
	ssl.enabled.protocols = [TLSv1.2, TLSv1.3]
	ssl.endpoint.identification.algorithm = https
	ssl.engine.factory.class = null
	ssl.key.password = null
	ssl.keymanager.algorithm = SunX509
	ssl.keystore.certificate.chain = null
	ssl.keystore.key = null
	ssl.keystore.location = null
	ssl.keystore.password = null
	ssl.keystore.type = JKS
	ssl.protocol = TLSv1.3
	ssl.provider = null
	ssl.secure.random.implementation = null
	ssl.trustmanager.algorithm = PKIX
	ssl.truststore.certificates = null
	ssl.truststore.location = null
	ssl.truststore.password = null
	ssl.truststore.type = JKS
	value.deserializer = class org.springframework.kafka.support.serializer.JsonDeserializer

2026-06-27T23:01:59.907+05:30  INFO 19116 --- [candidate-ranking-service] [           main] o.a.k.c.t.i.KafkaMetricsCollector        : initializing Kafka metrics collector
2026-06-27T23:01:59.945+05:30  INFO 19116 --- [candidate-ranking-service] [ner#1-dlt-0-C-1] o.a.k.c.c.internals.ConsumerCoordinator  : [Consumer clientId=consumer-candidate-ranking-group-dlt-1, groupId=candidate-ranking-group-dlt] Request joining group due to: need to re-join with the given member-id: consumer-candidate-ranking-group-dlt-1-6b34a263-a355-4e7d-a588-61b5e28c5c60
2026-06-27T23:01:59.948+05:30  INFO 19116 --- [candidate-ranking-service] [ner#1-dlt-0-C-1] o.a.k.c.c.internals.ConsumerCoordinator  : [Consumer clientId=consumer-candidate-ranking-group-dlt-1, groupId=candidate-ranking-group-dlt] (Re-)joining group
2026-06-27T23:01:59.949+05:30  INFO 19116 --- [candidate-ranking-service] [etry-6000-0-C-1] org.apache.kafka.clients.Metadata        : [Consumer clientId=consumer-candidate-ranking-group-retry-6000-2, groupId=candidate-ranking-group-retry-6000] Cluster ID: jhM2pLIBS0a3lxdugEdPHQ
2026-06-27T23:01:59.951+05:30  INFO 19116 --- [candidate-ranking-service] [etry-6000-0-C-1] o.a.k.c.c.internals.ConsumerCoordinator  : [Consumer clientId=consumer-candidate-ranking-group-retry-6000-2, groupId=candidate-ranking-group-retry-6000] Discovered group coordinator localhost:9092 (id: 2147483646 rack: null)
2026-06-27T23:01:59.960+05:30  INFO 19116 --- [candidate-ranking-service] [etry-6000-0-C-1] o.a.k.c.c.internals.ConsumerCoordinator  : [Consumer clientId=consumer-candidate-ranking-group-retry-6000-2, groupId=candidate-ranking-group-retry-6000] (Re-)joining group
2026-06-27T23:01:59.969+05:30  INFO 19116 --- [candidate-ranking-service] [           main] o.a.kafka.common.utils.AppInfoParser     : Kafka version: 3.8.1
2026-06-27T23:01:59.973+05:30  INFO 19116 --- [candidate-ranking-service] [           main] o.a.kafka.common.utils.AppInfoParser     : Kafka commitId: 70d6ff42debf7e17
2026-06-27T23:01:59.974+05:30  INFO 19116 --- [candidate-ranking-service] [           main] o.a.kafka.common.utils.AppInfoParser     : Kafka startTimeMs: 1782581519969
2026-06-27T23:02:00.000+05:30  INFO 19116 --- [candidate-ranking-service] [etry-6000-0-C-1] o.a.k.c.c.internals.ConsumerCoordinator  : [Consumer clientId=consumer-candidate-ranking-group-retry-6000-2, groupId=candidate-ranking-group-retry-6000] Request joining group due to: need to re-join with the given member-id: consumer-candidate-ranking-group-retry-6000-2-114ea827-74a3-4ef3-a86d-488eea1fb1ed
2026-06-27T23:02:00.002+05:30  INFO 19116 --- [candidate-ranking-service] [etry-6000-0-C-1] o.a.k.c.c.internals.ConsumerCoordinator  : [Consumer clientId=consumer-candidate-ranking-group-retry-6000-2, groupId=candidate-ranking-group-retry-6000] (Re-)joining group
2026-06-27T23:02:00.154+05:30  INFO 19116 --- [candidate-ranking-service] [           main] o.a.k.c.c.internals.LegacyKafkaConsumer  : [Consumer clientId=consumer-candidate-ranking-group-retry-3000-3, groupId=candidate-ranking-group-retry-3000] Subscribed to topic(s): resume-parsed-retry-3000
2026-06-27T23:02:00.191+05:30  INFO 19116 --- [candidate-ranking-service] [           main] o.a.k.clients.consumer.ConsumerConfig    : ConsumerConfig values: 
	allow.auto.create.topics = true
	auto.commit.interval.ms = 5000
	auto.include.jmx.reporter = true
	auto.offset.reset = latest
	bootstrap.servers = [localhost:9092]
	check.crcs = true
	client.dns.lookup = use_all_dns_ips
	client.id = consumer-candidate-ranking-delete-group-4
	client.rack = 
	connections.max.idle.ms = 540000
	default.api.timeout.ms = 60000
	enable.auto.commit = false
	enable.metrics.push = true
	exclude.internal.topics = true
	fetch.max.bytes = 52428800
	fetch.max.wait.ms = 500
	fetch.min.bytes = 1
	group.id = candidate-ranking-delete-group
	group.instance.id = null
	group.protocol = classic
	group.remote.assignor = null
	heartbeat.interval.ms = 3000
	interceptor.classes = []
	internal.leave.group.on.close = true
	internal.throw.on.fetch.stable.offset.unsupported = false
	isolation.level = read_uncommitted
	key.deserializer = class org.apache.kafka.common.serialization.StringDeserializer
	max.partition.fetch.bytes = 1048576
	max.poll.interval.ms = 300000
	max.poll.records = 500
	metadata.max.age.ms = 300000
	metadata.recovery.strategy = none
	metric.reporters = []
	metrics.num.samples = 2
	metrics.recording.level = INFO
	metrics.sample.window.ms = 30000
	partition.assignment.strategy = [class org.apache.kafka.clients.consumer.RangeAssignor, class org.apache.kafka.clients.consumer.CooperativeStickyAssignor]
	receive.buffer.bytes = 65536
	reconnect.backoff.max.ms = 1000
	reconnect.backoff.ms = 50
	request.timeout.ms = 30000
	retry.backoff.max.ms = 1000
	retry.backoff.ms = 100
	sasl.client.callback.handler.class = null
	sasl.jaas.config = null
	sasl.kerberos.kinit.cmd = /usr/bin/kinit
	sasl.kerberos.min.time.before.relogin = 60000
	sasl.kerberos.service.name = null
	sasl.kerberos.ticket.renew.jitter = 0.05
	sasl.kerberos.ticket.renew.window.factor = 0.8
	sasl.login.callback.handler.class = null
	sasl.login.class = null
	sasl.login.connect.timeout.ms = null
	sasl.login.read.timeout.ms = null
	sasl.login.refresh.buffer.seconds = 300
	sasl.login.refresh.min.period.seconds = 60
	sasl.login.refresh.window.factor = 0.8
	sasl.login.refresh.window.jitter = 0.05
	sasl.login.retry.backoff.max.ms = 10000
	sasl.login.retry.backoff.ms = 100
	sasl.mechanism = GSSAPI
	sasl.oauthbearer.clock.skew.seconds = 30
	sasl.oauthbearer.expected.audience = null
	sasl.oauthbearer.expected.issuer = null
	sasl.oauthbearer.jwks.endpoint.refresh.ms = 3600000
	sasl.oauthbearer.jwks.endpoint.retry.backoff.max.ms = 10000
	sasl.oauthbearer.jwks.endpoint.retry.backoff.ms = 100
	sasl.oauthbearer.jwks.endpoint.url = null
	sasl.oauthbearer.scope.claim.name = scope
	sasl.oauthbearer.sub.claim.name = sub
	sasl.oauthbearer.token.endpoint.url = null
	security.protocol = PLAINTEXT
	security.providers = null
	send.buffer.bytes = 131072
	session.timeout.ms = 45000
	socket.connection.setup.timeout.max.ms = 30000
	socket.connection.setup.timeout.ms = 10000
	ssl.cipher.suites = null
	ssl.enabled.protocols = [TLSv1.2, TLSv1.3]
	ssl.endpoint.identification.algorithm = https
	ssl.engine.factory.class = null
	ssl.key.password = null
	ssl.keymanager.algorithm = SunX509
	ssl.keystore.certificate.chain = null
	ssl.keystore.key = null
	ssl.keystore.location = null
	ssl.keystore.password = null
	ssl.keystore.type = JKS
	ssl.protocol = TLSv1.3
	ssl.provider = null
	ssl.secure.random.implementation = null
	ssl.trustmanager.algorithm = PKIX
	ssl.truststore.certificates = null
	ssl.truststore.location = null
	ssl.truststore.password = null
	ssl.truststore.type = JKS
	value.deserializer = class org.springframework.kafka.support.serializer.JsonDeserializer

2026-06-27T23:02:00.209+05:30  INFO 19116 --- [candidate-ranking-service] [           main] o.a.k.c.t.i.KafkaMetricsCollector        : initializing Kafka metrics collector
2026-06-27T23:02:00.333+05:30  INFO 19116 --- [candidate-ranking-service] [           main] o.a.kafka.common.utils.AppInfoParser     : Kafka version: 3.8.1
2026-06-27T23:02:00.335+05:30  INFO 19116 --- [candidate-ranking-service] [etry-3000-0-C-1] org.apache.kafka.clients.Metadata        : [Consumer clientId=consumer-candidate-ranking-group-retry-3000-3, groupId=candidate-ranking-group-retry-3000] Cluster ID: jhM2pLIBS0a3lxdugEdPHQ
2026-06-27T23:02:00.338+05:30  INFO 19116 --- [candidate-ranking-service] [etry-3000-0-C-1] o.a.k.c.c.internals.ConsumerCoordinator  : [Consumer clientId=consumer-candidate-ranking-group-retry-3000-3, groupId=candidate-ranking-group-retry-3000] Discovered group coordinator localhost:9092 (id: 2147483646 rack: null)
2026-06-27T23:02:00.337+05:30  INFO 19116 --- [candidate-ranking-service] [           main] o.a.kafka.common.utils.AppInfoParser     : Kafka commitId: 70d6ff42debf7e17
2026-06-27T23:02:00.341+05:30  INFO 19116 --- [candidate-ranking-service] [           main] o.a.kafka.common.utils.AppInfoParser     : Kafka startTimeMs: 1782581520333
2026-06-27T23:02:00.342+05:30  INFO 19116 --- [candidate-ranking-service] [etry-3000-0-C-1] o.a.k.c.c.internals.ConsumerCoordinator  : [Consumer clientId=consumer-candidate-ranking-group-retry-3000-3, groupId=candidate-ranking-group-retry-3000] (Re-)joining group
2026-06-27T23:02:00.473+05:30  INFO 19116 --- [candidate-ranking-service] [etry-3000-0-C-1] o.a.k.c.c.internals.ConsumerCoordinator  : [Consumer clientId=consumer-candidate-ranking-group-retry-3000-3, groupId=candidate-ranking-group-retry-3000] Request joining group due to: need to re-join with the given member-id: consumer-candidate-ranking-group-retry-3000-3-269a2d77-110e-479c-ad18-710c1368b8b7
2026-06-27T23:02:00.475+05:30  INFO 19116 --- [candidate-ranking-service] [etry-3000-0-C-1] o.a.k.c.c.internals.ConsumerCoordinator  : [Consumer clientId=consumer-candidate-ranking-group-retry-3000-3, groupId=candidate-ranking-group-retry-3000] (Re-)joining group
2026-06-27T23:02:00.554+05:30  INFO 19116 --- [candidate-ranking-service] [           main] o.a.k.c.c.internals.LegacyKafkaConsumer  : [Consumer clientId=consumer-candidate-ranking-delete-group-4, groupId=candidate-ranking-delete-group] Subscribed to topic(s): resume-deleted
2026-06-27T23:02:00.623+05:30  INFO 19116 --- [candidate-ranking-service] [           main] o.a.k.clients.consumer.ConsumerConfig    : ConsumerConfig values: 
	allow.auto.create.topics = true
	auto.commit.interval.ms = 5000
	auto.include.jmx.reporter = true
	auto.offset.reset = latest
	bootstrap.servers = [localhost:9092]
	check.crcs = true
	client.dns.lookup = use_all_dns_ips
	client.id = consumer-candidate-ranking-group-5
	client.rack = 
	connections.max.idle.ms = 540000
	default.api.timeout.ms = 60000
	enable.auto.commit = false
	enable.metrics.push = true
	exclude.internal.topics = true
	fetch.max.bytes = 52428800
	fetch.max.wait.ms = 500
	fetch.min.bytes = 1
	group.id = candidate-ranking-group
	group.instance.id = null
	group.protocol = classic
	group.remote.assignor = null
	heartbeat.interval.ms = 3000
	interceptor.classes = []
	internal.leave.group.on.close = true
	internal.throw.on.fetch.stable.offset.unsupported = false
	isolation.level = read_uncommitted
	key.deserializer = class org.apache.kafka.common.serialization.StringDeserializer
	max.partition.fetch.bytes = 1048576
	max.poll.interval.ms = 300000
	max.poll.records = 500
	metadata.max.age.ms = 300000
	metadata.recovery.strategy = none
	metric.reporters = []
	metrics.num.samples = 2
	metrics.recording.level = INFO
	metrics.sample.window.ms = 30000
	partition.assignment.strategy = [class org.apache.kafka.clients.consumer.RangeAssignor, class org.apache.kafka.clients.consumer.CooperativeStickyAssignor]
	receive.buffer.bytes = 65536
	reconnect.backoff.max.ms = 1000
	reconnect.backoff.ms = 50
	request.timeout.ms = 30000
	retry.backoff.max.ms = 1000
	retry.backoff.ms = 100
	sasl.client.callback.handler.class = null
	sasl.jaas.config = null
	sasl.kerberos.kinit.cmd = /usr/bin/kinit
	sasl.kerberos.min.time.before.relogin = 60000
	sasl.kerberos.service.name = null
	sasl.kerberos.ticket.renew.jitter = 0.05
	sasl.kerberos.ticket.renew.window.factor = 0.8
	sasl.login.callback.handler.class = null
	sasl.login.class = null
	sasl.login.connect.timeout.ms = null
	sasl.login.read.timeout.ms = null
	sasl.login.refresh.buffer.seconds = 300
	sasl.login.refresh.min.period.seconds = 60
	sasl.login.refresh.window.factor = 0.8
	sasl.login.refresh.window.jitter = 0.05
	sasl.login.retry.backoff.max.ms = 10000
	sasl.login.retry.backoff.ms = 100
	sasl.mechanism = GSSAPI
	sasl.oauthbearer.clock.skew.seconds = 30
	sasl.oauthbearer.expected.audience = null
	sasl.oauthbearer.expected.issuer = null
	sasl.oauthbearer.jwks.endpoint.refresh.ms = 3600000
	sasl.oauthbearer.jwks.endpoint.retry.backoff.max.ms = 10000
	sasl.oauthbearer.jwks.endpoint.retry.backoff.ms = 100
	sasl.oauthbearer.jwks.endpoint.url = null
	sasl.oauthbearer.scope.claim.name = scope
	sasl.oauthbearer.sub.claim.name = sub
	sasl.oauthbearer.token.endpoint.url = null
	security.protocol = PLAINTEXT
	security.providers = null
	send.buffer.bytes = 131072
	session.timeout.ms = 45000
	socket.connection.setup.timeout.max.ms = 30000
	socket.connection.setup.timeout.ms = 10000
	ssl.cipher.suites = null
	ssl.enabled.protocols = [TLSv1.2, TLSv1.3]
	ssl.endpoint.identification.algorithm = https
	ssl.engine.factory.class = null
	ssl.key.password = null
	ssl.keymanager.algorithm = SunX509
	ssl.keystore.certificate.chain = null
	ssl.keystore.key = null
	ssl.keystore.location = null
	ssl.keystore.password = null
	ssl.keystore.type = JKS
	ssl.protocol = TLSv1.3
	ssl.provider = null
	ssl.secure.random.implementation = null
	ssl.trustmanager.algorithm = PKIX
	ssl.truststore.certificates = null
	ssl.truststore.location = null
	ssl.truststore.password = null
	ssl.truststore.type = JKS
	value.deserializer = class org.springframework.kafka.support.serializer.JsonDeserializer

2026-06-27T23:02:00.638+05:30  INFO 19116 --- [candidate-ranking-service] [           main] o.a.k.c.t.i.KafkaMetricsCollector        : initializing Kafka metrics collector
2026-06-27T23:02:00.713+05:30  INFO 19116 --- [candidate-ranking-service] [ntainer#0-0-C-1] org.apache.kafka.clients.Metadata        : [Consumer clientId=consumer-candidate-ranking-delete-group-4, groupId=candidate-ranking-delete-group] Cluster ID: jhM2pLIBS0a3lxdugEdPHQ
2026-06-27T23:02:00.716+05:30  INFO 19116 --- [candidate-ranking-service] [ntainer#0-0-C-1] o.a.k.c.c.internals.ConsumerCoordinator  : [Consumer clientId=consumer-candidate-ranking-delete-group-4, groupId=candidate-ranking-delete-group] Discovered group coordinator localhost:9092 (id: 2147483646 rack: null)
2026-06-27T23:02:00.719+05:30  INFO 19116 --- [candidate-ranking-service] [ntainer#0-0-C-1] o.a.k.c.c.internals.ConsumerCoordinator  : [Consumer clientId=consumer-candidate-ranking-delete-group-4, groupId=candidate-ranking-delete-group] (Re-)joining group
2026-06-27T23:02:00.750+05:30  INFO 19116 --- [candidate-ranking-service] [           main] o.a.kafka.common.utils.AppInfoParser     : Kafka version: 3.8.1
2026-06-27T23:02:00.752+05:30  INFO 19116 --- [candidate-ranking-service] [           main] o.a.kafka.common.utils.AppInfoParser     : Kafka commitId: 70d6ff42debf7e17
2026-06-27T23:02:00.753+05:30  INFO 19116 --- [candidate-ranking-service] [           main] o.a.kafka.common.utils.AppInfoParser     : Kafka startTimeMs: 1782581520750
2026-06-27T23:02:00.761+05:30  INFO 19116 --- [candidate-ranking-service] [ntainer#0-0-C-1] o.a.k.c.c.internals.ConsumerCoordinator  : [Consumer clientId=consumer-candidate-ranking-delete-group-4, groupId=candidate-ranking-delete-group] Request joining group due to: need to re-join with the given member-id: consumer-candidate-ranking-delete-group-4-c605fe55-5f7f-4bbd-8c57-7b398e85e19c
2026-06-27T23:02:00.763+05:30  INFO 19116 --- [candidate-ranking-service] [ntainer#0-0-C-1] o.a.k.c.c.internals.ConsumerCoordinator  : [Consumer clientId=consumer-candidate-ranking-delete-group-4, groupId=candidate-ranking-delete-group] (Re-)joining group
2026-06-27T23:02:00.826+05:30  INFO 19116 --- [candidate-ranking-service] [           main] o.a.k.c.c.internals.LegacyKafkaConsumer  : [Consumer clientId=consumer-candidate-ranking-group-5, groupId=candidate-ranking-group] Subscribed to topic(s): resume-parsed
2026-06-27T23:02:00.904+05:30  INFO 19116 --- [candidate-ranking-service] [ntainer#1-0-C-1] org.apache.kafka.clients.Metadata        : [Consumer clientId=consumer-candidate-ranking-group-5, groupId=candidate-ranking-group] Cluster ID: jhM2pLIBS0a3lxdugEdPHQ
2026-06-27T23:02:00.907+05:30  INFO 19116 --- [candidate-ranking-service] [ntainer#1-0-C-1] o.a.k.c.c.internals.ConsumerCoordinator  : [Consumer clientId=consumer-candidate-ranking-group-5, groupId=candidate-ranking-group] Discovered group coordinator localhost:9092 (id: 2147483646 rack: null)
2026-06-27T23:02:00.918+05:30  INFO 19116 --- [candidate-ranking-service] [ntainer#1-0-C-1] o.a.k.c.c.internals.ConsumerCoordinator  : [Consumer clientId=consumer-candidate-ranking-group-5, groupId=candidate-ranking-group] (Re-)joining group
2026-06-27T23:02:00.962+05:30  INFO 19116 --- [candidate-ranking-service] [ntainer#1-0-C-1] o.a.k.c.c.internals.ConsumerCoordinator  : [Consumer clientId=consumer-candidate-ranking-group-5, groupId=candidate-ranking-group] Request joining group due to: need to re-join with the given member-id: consumer-candidate-ranking-group-5-ce929f1c-29fe-41e1-bbd7-50db65eff052
2026-06-27T23:02:00.964+05:30  INFO 19116 --- [candidate-ranking-service] [ntainer#1-0-C-1] o.a.k.c.c.internals.ConsumerCoordinator  : [Consumer clientId=consumer-candidate-ranking-group-5, groupId=candidate-ranking-group] (Re-)joining group
2026-06-27T23:02:01.130+05:30  INFO 19116 --- [candidate-ranking-service] [           main] t.p.c.CandidateRankingServiceApplication : Started CandidateRankingServiceApplication in 268.908 seconds (process running for 273.189)
2026-06-27T23:02:02.968+05:30  INFO 19116 --- [candidate-ranking-service] [ner#1-dlt-0-C-1] o.a.k.c.c.internals.ConsumerCoordinator  : [Consumer clientId=consumer-candidate-ranking-group-dlt-1, groupId=candidate-ranking-group-dlt] Successfully joined group with generation Generation{generationId=67, memberId='consumer-candidate-ranking-group-dlt-1-6b34a263-a355-4e7d-a588-61b5e28c5c60', protocol='range'}
2026-06-27T23:02:03.028+05:30  INFO 19116 --- [candidate-ranking-service] [etry-6000-0-C-1] o.a.k.c.c.internals.ConsumerCoordinator  : [Consumer clientId=consumer-candidate-ranking-group-retry-6000-2, groupId=candidate-ranking-group-retry-6000] Successfully joined group with generation Generation{generationId=67, memberId='consumer-candidate-ranking-group-retry-6000-2-114ea827-74a3-4ef3-a86d-488eea1fb1ed', protocol='range'}
2026-06-27T23:02:03.033+05:30  INFO 19116 --- [candidate-ranking-service] [etry-6000-0-C-1] o.a.k.c.c.internals.ConsumerCoordinator  : [Consumer clientId=consumer-candidate-ranking-group-retry-6000-2, groupId=candidate-ranking-group-retry-6000] Finished assignment for group at generation 67: {consumer-candidate-ranking-group-retry-6000-2-114ea827-74a3-4ef3-a86d-488eea1fb1ed=Assignment(partitions=[resume-parsed-retry-6000-0])}
2026-06-27T23:02:03.034+05:30  INFO 19116 --- [candidate-ranking-service] [ner#1-dlt-0-C-1] o.a.k.c.c.internals.ConsumerCoordinator  : [Consumer clientId=consumer-candidate-ranking-group-dlt-1, groupId=candidate-ranking-group-dlt] Finished assignment for group at generation 67: {consumer-candidate-ranking-group-dlt-1-6b34a263-a355-4e7d-a588-61b5e28c5c60=Assignment(partitions=[resume-parsed-dlt-0])}
2026-06-27T23:02:03.088+05:30  INFO 19116 --- [candidate-ranking-service] [etry-6000-0-C-1] o.a.k.c.c.internals.ConsumerCoordinator  : [Consumer clientId=consumer-candidate-ranking-group-retry-6000-2, groupId=candidate-ranking-group-retry-6000] Successfully synced group in generation Generation{generationId=67, memberId='consumer-candidate-ranking-group-retry-6000-2-114ea827-74a3-4ef3-a86d-488eea1fb1ed', protocol='range'}
2026-06-27T23:02:03.089+05:30  INFO 19116 --- [candidate-ranking-service] [etry-6000-0-C-1] o.a.k.c.c.internals.ConsumerCoordinator  : [Consumer clientId=consumer-candidate-ranking-group-retry-6000-2, groupId=candidate-ranking-group-retry-6000] Notifying assignor about the new Assignment(partitions=[resume-parsed-retry-6000-0])
2026-06-27T23:02:03.087+05:30  INFO 19116 --- [candidate-ranking-service] [ner#1-dlt-0-C-1] o.a.k.c.c.internals.ConsumerCoordinator  : [Consumer clientId=consumer-candidate-ranking-group-dlt-1, groupId=candidate-ranking-group-dlt] Successfully synced group in generation Generation{generationId=67, memberId='consumer-candidate-ranking-group-dlt-1-6b34a263-a355-4e7d-a588-61b5e28c5c60', protocol='range'}
2026-06-27T23:02:03.098+05:30  INFO 19116 --- [candidate-ranking-service] [ner#1-dlt-0-C-1] o.a.k.c.c.internals.ConsumerCoordinator  : [Consumer clientId=consumer-candidate-ranking-group-dlt-1, groupId=candidate-ranking-group-dlt] Notifying assignor about the new Assignment(partitions=[resume-parsed-dlt-0])
2026-06-27T23:02:03.101+05:30  INFO 19116 --- [candidate-ranking-service] [etry-6000-0-C-1] k.c.c.i.ConsumerRebalanceListenerInvoker : [Consumer clientId=consumer-candidate-ranking-group-retry-6000-2, groupId=candidate-ranking-group-retry-6000] Adding newly assigned partitions: resume-parsed-retry-6000-0
2026-06-27T23:02:03.102+05:30  INFO 19116 --- [candidate-ranking-service] [ner#1-dlt-0-C-1] k.c.c.i.ConsumerRebalanceListenerInvoker : [Consumer clientId=consumer-candidate-ranking-group-dlt-1, groupId=candidate-ranking-group-dlt] Adding newly assigned partitions: resume-parsed-dlt-0
2026-06-27T23:02:03.159+05:30  INFO 19116 --- [candidate-ranking-service] [etry-6000-0-C-1] o.a.k.c.c.internals.ConsumerUtils        : Setting offset for partition resume-parsed-retry-6000-0 to the committed offset FetchPosition{offset=0, offsetEpoch=Optional.empty, currentLeader=LeaderAndEpoch{leader=Optional[localhost:9092 (id: 1 rack: null)], epoch=0}}
2026-06-27T23:02:03.160+05:30  INFO 19116 --- [candidate-ranking-service] [ner#1-dlt-0-C-1] o.a.k.c.c.internals.ConsumerUtils        : Setting offset for partition resume-parsed-dlt-0 to the committed offset FetchPosition{offset=0, offsetEpoch=Optional.empty, currentLeader=LeaderAndEpoch{leader=Optional[localhost:9092 (id: 1 rack: null)], epoch=0}}
2026-06-27T23:02:03.168+05:30  INFO 19116 --- [candidate-ranking-service] [ner#1-dlt-0-C-1] o.s.k.l.KafkaMessageListenerContainer    : candidate-ranking-group-dlt: partitions assigned: [resume-parsed-dlt-0]
2026-06-27T23:02:03.169+05:30  INFO 19116 --- [candidate-ranking-service] [etry-6000-0-C-1] o.s.k.l.KafkaMessageListenerContainer    : candidate-ranking-group-retry-6000: partitions assigned: [resume-parsed-retry-6000-0]
2026-06-27T23:02:03.543+05:30  INFO 19116 --- [candidate-ranking-service] [etry-3000-0-C-1] o.a.k.c.c.internals.ConsumerCoordinator  : [Consumer clientId=consumer-candidate-ranking-group-retry-3000-3, groupId=candidate-ranking-group-retry-3000] Successfully joined group with generation Generation{generationId=67, memberId='consumer-candidate-ranking-group-retry-3000-3-269a2d77-110e-479c-ad18-710c1368b8b7', protocol='range'}
2026-06-27T23:02:03.546+05:30  INFO 19116 --- [candidate-ranking-service] [etry-3000-0-C-1] o.a.k.c.c.internals.ConsumerCoordinator  : [Consumer clientId=consumer-candidate-ranking-group-retry-3000-3, groupId=candidate-ranking-group-retry-3000] Finished assignment for group at generation 67: {consumer-candidate-ranking-group-retry-3000-3-269a2d77-110e-479c-ad18-710c1368b8b7=Assignment(partitions=[resume-parsed-retry-3000-0])}
2026-06-27T23:02:03.586+05:30  INFO 19116 --- [candidate-ranking-service] [etry-3000-0-C-1] o.a.k.c.c.internals.ConsumerCoordinator  : [Consumer clientId=consumer-candidate-ranking-group-retry-3000-3, groupId=candidate-ranking-group-retry-3000] Successfully synced group in generation Generation{generationId=67, memberId='consumer-candidate-ranking-group-retry-3000-3-269a2d77-110e-479c-ad18-710c1368b8b7', protocol='range'}
2026-06-27T23:02:03.587+05:30  INFO 19116 --- [candidate-ranking-service] [etry-3000-0-C-1] o.a.k.c.c.internals.ConsumerCoordinator  : [Consumer clientId=consumer-candidate-ranking-group-retry-3000-3, groupId=candidate-ranking-group-retry-3000] Notifying assignor about the new Assignment(partitions=[resume-parsed-retry-3000-0])
2026-06-27T23:02:03.588+05:30  INFO 19116 --- [candidate-ranking-service] [etry-3000-0-C-1] k.c.c.i.ConsumerRebalanceListenerInvoker : [Consumer clientId=consumer-candidate-ranking-group-retry-3000-3, groupId=candidate-ranking-group-retry-3000] Adding newly assigned partitions: resume-parsed-retry-3000-0
2026-06-27T23:02:03.640+05:30  INFO 19116 --- [candidate-ranking-service] [etry-3000-0-C-1] o.a.k.c.c.internals.ConsumerUtils        : Setting offset for partition resume-parsed-retry-3000-0 to the committed offset FetchPosition{offset=0, offsetEpoch=Optional.empty, currentLeader=LeaderAndEpoch{leader=Optional[localhost:9092 (id: 1 rack: null)], epoch=0}}
2026-06-27T23:02:03.649+05:30  INFO 19116 --- [candidate-ranking-service] [etry-3000-0-C-1] o.s.k.l.KafkaMessageListenerContainer    : candidate-ranking-group-retry-3000: partitions assigned: [resume-parsed-retry-3000-0]
2026-06-27T23:02:03.812+05:30  INFO 19116 --- [candidate-ranking-service] [ntainer#0-0-C-1] o.a.k.c.c.internals.ConsumerCoordinator  : [Consumer clientId=consumer-candidate-ranking-delete-group-4, groupId=candidate-ranking-delete-group] Successfully joined group with generation Generation{generationId=39, memberId='consumer-candidate-ranking-delete-group-4-c605fe55-5f7f-4bbd-8c57-7b398e85e19c', protocol='range'}
2026-06-27T23:02:03.816+05:30  INFO 19116 --- [candidate-ranking-service] [ntainer#0-0-C-1] o.a.k.c.c.internals.ConsumerCoordinator  : [Consumer clientId=consumer-candidate-ranking-delete-group-4, groupId=candidate-ranking-delete-group] Finished assignment for group at generation 39: {consumer-candidate-ranking-delete-group-4-c605fe55-5f7f-4bbd-8c57-7b398e85e19c=Assignment(partitions=[resume-deleted-0])}
2026-06-27T23:02:03.845+05:30  INFO 19116 --- [candidate-ranking-service] [ntainer#0-0-C-1] o.a.k.c.c.internals.ConsumerCoordinator  : [Consumer clientId=consumer-candidate-ranking-delete-group-4, groupId=candidate-ranking-delete-group] Successfully synced group in generation Generation{generationId=39, memberId='consumer-candidate-ranking-delete-group-4-c605fe55-5f7f-4bbd-8c57-7b398e85e19c', protocol='range'}
2026-06-27T23:02:03.847+05:30  INFO 19116 --- [candidate-ranking-service] [ntainer#0-0-C-1] o.a.k.c.c.internals.ConsumerCoordinator  : [Consumer clientId=consumer-candidate-ranking-delete-group-4, groupId=candidate-ranking-delete-group] Notifying assignor about the new Assignment(partitions=[resume-deleted-0])
2026-06-27T23:02:03.849+05:30  INFO 19116 --- [candidate-ranking-service] [ntainer#0-0-C-1] k.c.c.i.ConsumerRebalanceListenerInvoker : [Consumer clientId=consumer-candidate-ranking-delete-group-4, groupId=candidate-ranking-delete-group] Adding newly assigned partitions: resume-deleted-0
2026-06-27T23:02:04.068+05:30  INFO 19116 --- [candidate-ranking-service] [ntainer#0-0-C-1] o.a.k.c.c.internals.ConsumerUtils        : Setting offset for partition resume-deleted-0 to the committed offset FetchPosition{offset=4, offsetEpoch=Optional.empty, currentLeader=LeaderAndEpoch{leader=Optional[localhost:9092 (id: 1 rack: null)], epoch=0}}
2026-06-27T23:02:04.071+05:30  INFO 19116 --- [candidate-ranking-service] [ntainer#1-0-C-1] o.a.k.c.c.internals.ConsumerCoordinator  : [Consumer clientId=consumer-candidate-ranking-group-5, groupId=candidate-ranking-group] Successfully joined group with generation Generation{generationId=71, memberId='consumer-candidate-ranking-group-5-ce929f1c-29fe-41e1-bbd7-50db65eff052', protocol='range'}
2026-06-27T23:02:04.073+05:30  INFO 19116 --- [candidate-ranking-service] [ntainer#1-0-C-1] o.a.k.c.c.internals.ConsumerCoordinator  : [Consumer clientId=consumer-candidate-ranking-group-5, groupId=candidate-ranking-group] Finished assignment for group at generation 71: {consumer-candidate-ranking-group-5-ce929f1c-29fe-41e1-bbd7-50db65eff052=Assignment(partitions=[resume-parsed-0])}
2026-06-27T23:02:04.180+05:30  INFO 19116 --- [candidate-ranking-service] [ntainer#1-0-C-1] o.a.k.c.c.internals.ConsumerCoordinator  : [Consumer clientId=consumer-candidate-ranking-group-5, groupId=candidate-ranking-group] Successfully synced group in generation Generation{generationId=71, memberId='consumer-candidate-ranking-group-5-ce929f1c-29fe-41e1-bbd7-50db65eff052', protocol='range'}
2026-06-27T23:02:04.182+05:30  INFO 19116 --- [candidate-ranking-service] [ntainer#1-0-C-1] o.a.k.c.c.internals.ConsumerCoordinator  : [Consumer clientId=consumer-candidate-ranking-group-5, groupId=candidate-ranking-group] Notifying assignor about the new Assignment(partitions=[resume-parsed-0])
2026-06-27T23:02:04.182+05:30  INFO 19116 --- [candidate-ranking-service] [ntainer#1-0-C-1] k.c.c.i.ConsumerRebalanceListenerInvoker : [Consumer clientId=consumer-candidate-ranking-group-5, groupId=candidate-ranking-group] Adding newly assigned partitions: resume-parsed-0
2026-06-27T23:02:04.201+05:30  INFO 19116 --- [candidate-ranking-service] [ntainer#0-0-C-1] o.s.k.l.KafkaMessageListenerContainer    : candidate-ranking-delete-group: partitions assigned: [resume-deleted-0]
2026-06-27T23:02:04.288+05:30  INFO 19116 --- [candidate-ranking-service] [ntainer#1-0-C-1] o.a.k.c.c.internals.ConsumerUtils        : Setting offset for partition resume-parsed-0 to the committed offset FetchPosition{offset=30, offsetEpoch=Optional.empty, currentLeader=LeaderAndEpoch{leader=Optional[localhost:9092 (id: 1 rack: null)], epoch=0}}
2026-06-27T23:02:04.291+05:30  INFO 19116 --- [candidate-ranking-service] [ntainer#1-0-C-1] o.s.k.l.KafkaMessageListenerContainer    : candidate-ranking-group: partitions assigned: [resume-parsed-0]
2026-06-27T23:02:07.021+05:30  INFO 19116 --- [candidate-ranking-service] [nio-8086-exec-1] o.a.c.c.C.[Tomcat].[localhost].[/]       : Initializing Spring DispatcherServlet 'dispatcherServlet'
2026-06-27T23:02:07.023+05:30  INFO 19116 --- [candidate-ranking-service] [nio-8086-exec-1] o.s.web.servlet.DispatcherServlet        : Initializing Servlet 'dispatcherServlet'
2026-06-27T23:02:07.036+05:30  INFO 19116 --- [candidate-ranking-service] [nio-8086-exec-1] o.s.web.servlet.DispatcherServlet        : Completed initialization in 11 ms
2026-06-27T23:02:59.629+05:30  WARN 19116 --- [candidate-ranking-service] [r-kafka-metrics] i.m.p.PrometheusMeterRegistry            : The meter (MeterId{name='kafka.consumer.fetch.manager.records.lead.min', tags=[tag(application=candidate-ranking-service),tag(client.id=consumer-candidate-ranking-group-dlt-1),tag(kafka.version=3.8.1),tag(spring.id=kafkaConsumerFactory.consumer-candidate-ranking-group-dlt-1)]}) registration has failed: Prometheus requires that all meters with the same name have the same set of tag keys. There is already an existing meter named 'kafka.consumer.fetch.manager.records.lead.min' containing tag keys [application, client.id, kafka.version, partition, spring.id, topic]. The meter you are attempting to register has keys [application, client.id, kafka.version, spring.id]. Note that subsequent logs will be logged at debug level.
