
  .   ____          _            __ _ _
 /\\ / ___'_ __ _ _(_)_ __  __ _ \ \ \ \
( ( )\___ | '_ | '_| | '_ \/ _` | \ \ \ \
 \\/  ___)| |_)| | | | | || (_| |  ) ) ) )
  '  |____| .__|_| |_|_| |_\__, | / / / /
 =========|_|==============|___/=/_/_/_/

 :: Spring Boot ::                (v3.4.0)

2026-06-27T22:57:44.903+05:30  INFO 13040 --- [recruiter-chat-service] [           main] c.t.p.c.RecruiterChatServiceApplication  : Starting RecruiterChatServiceApplication v0.0.1-SNAPSHOT using Java 17.0.17 with PID 13040 (C:\Users\HP\Downloads\AI_Screeming\recruiter-chat-service\target\recruiter-chat-service-0.0.1-SNAPSHOT.jar started by HP in C:\Users\HP\Downloads\AI_Screeming)
2026-06-27T22:57:44.925+05:30  INFO 13040 --- [recruiter-chat-service] [           main] c.t.p.c.RecruiterChatServiceApplication  : No active profile set, falling back to 1 default profile: "default"
2026-06-27T22:58:10.223+05:30  INFO 13040 --- [recruiter-chat-service] [           main] .s.d.r.c.RepositoryConfigurationDelegate : Multiple Spring Data modules found, entering strict repository configuration mode
2026-06-27T22:58:10.263+05:30  INFO 13040 --- [recruiter-chat-service] [           main] .s.d.r.c.RepositoryConfigurationDelegate : Bootstrapping Spring Data JPA repositories in DEFAULT mode.
2026-06-27T22:58:18.853+05:30  INFO 13040 --- [recruiter-chat-service] [           main] .s.d.r.c.RepositoryConfigurationDelegate : Finished Spring Data repository scanning in 8363 ms. Found 1 JPA repository interface.
2026-06-27T22:58:22.931+05:30  INFO 13040 --- [recruiter-chat-service] [           main] .s.d.r.c.RepositoryConfigurationDelegate : Multiple Spring Data modules found, entering strict repository configuration mode
2026-06-27T22:58:22.959+05:30  INFO 13040 --- [recruiter-chat-service] [           main] .s.d.r.c.RepositoryConfigurationDelegate : Bootstrapping Spring Data Redis repositories in DEFAULT mode.
2026-06-27T22:58:23.271+05:30  INFO 13040 --- [recruiter-chat-service] [           main] .RepositoryConfigurationExtensionSupport : Spring Data Redis - Could not safely identify store assignment for repository candidate interface com.talent.platform.chat.repository.ChatMessageRepository; If you want this repository to be a Redis repository, consider annotating your entities with one of these annotations: org.springframework.data.redis.core.RedisHash (preferred), or consider extending one of the following types with your repository: org.springframework.data.keyvalue.repository.KeyValueRepository
2026-06-27T22:58:23.274+05:30  INFO 13040 --- [recruiter-chat-service] [           main] .s.d.r.c.RepositoryConfigurationDelegate : Finished Spring Data repository scanning in 95 ms. Found 0 Redis repository interfaces.
2026-06-27T22:58:28.205+05:30  INFO 13040 --- [recruiter-chat-service] [           main] o.s.cloud.context.scope.GenericScope     : BeanFactory id=3d61d9f3-69ad-3e3d-a116-135f63ab2786
2026-06-27T22:58:43.579+05:30  INFO 13040 --- [recruiter-chat-service] [           main] o.s.b.w.embedded.tomcat.TomcatWebServer  : Tomcat initialized with port 8087 (http)
2026-06-27T22:58:43.645+05:30  INFO 13040 --- [recruiter-chat-service] [           main] o.apache.catalina.core.StandardService   : Starting service [Tomcat]
2026-06-27T22:58:43.650+05:30  INFO 13040 --- [recruiter-chat-service] [           main] o.apache.catalina.core.StandardEngine    : Starting Servlet engine: [Apache Tomcat/10.1.33]
2026-06-27T22:58:44.329+05:30  INFO 13040 --- [recruiter-chat-service] [           main] o.a.c.c.C.[Tomcat].[localhost].[/]       : Initializing Spring embedded WebApplicationContext
2026-06-27T22:58:44.332+05:30  INFO 13040 --- [recruiter-chat-service] [           main] w.s.c.ServletWebServerApplicationContext : Root WebApplicationContext: initialization completed in 58886 ms
2026-06-27T22:59:15.511+05:30  INFO 13040 --- [recruiter-chat-service] [           main] com.zaxxer.hikari.HikariDataSource       : HikariPool-1 - Starting...
2026-06-27T22:59:21.730+05:30  INFO 13040 --- [recruiter-chat-service] [           main] com.zaxxer.hikari.pool.HikariPool        : HikariPool-1 - Added connection org.postgresql.jdbc.PgConnection@5f8d4b51
2026-06-27T22:59:21.810+05:30  INFO 13040 --- [recruiter-chat-service] [           main] com.zaxxer.hikari.HikariDataSource       : HikariPool-1 - Start completed.
2026-06-27T22:59:22.756+05:30  INFO 13040 --- [recruiter-chat-service] [           main] org.flywaydb.core.FlywayExecutor         : Database: jdbc:postgresql://localhost:5435/chat_db (PostgreSQL 15.4)
2026-06-27T22:59:23.538+05:30  INFO 13040 --- [recruiter-chat-service] [           main] o.f.core.internal.command.DbValidate     : Successfully validated 0 migrations (execution time 00:00.294s)
2026-06-27T22:59:23.550+05:30  WARN 13040 --- [recruiter-chat-service] [           main] o.f.core.internal.command.DbValidate     : No migrations found. Are your locations set up correctly?
2026-06-27T22:59:24.028+05:30  INFO 13040 --- [recruiter-chat-service] [           main] o.f.core.internal.command.DbMigrate      : Current version of schema "public": << Empty Schema >>
2026-06-27T22:59:24.253+05:30  INFO 13040 --- [recruiter-chat-service] [           main] o.f.core.internal.command.DbMigrate      : Schema "public" is up to date. No migration necessary.
2026-06-27T22:59:27.972+05:30  INFO 13040 --- [recruiter-chat-service] [           main] o.hibernate.jpa.internal.util.LogHelper  : HHH000204: Processing PersistenceUnitInfo [name: default]
2026-06-27T22:59:29.236+05:30  INFO 13040 --- [recruiter-chat-service] [           main] org.hibernate.Version                    : HHH000412: Hibernate ORM core version 6.6.2.Final
2026-06-27T22:59:29.746+05:30  INFO 13040 --- [recruiter-chat-service] [           main] o.h.c.internal.RegionFactoryInitiator    : HHH000026: Second-level cache disabled
2026-06-27T22:59:36.880+05:30  INFO 13040 --- [recruiter-chat-service] [           main] o.s.o.j.p.SpringPersistenceUnitInfo      : No LoadTimeWeaver setup: ignoring JPA class transformer
2026-06-27T22:59:38.383+05:30  WARN 13040 --- [recruiter-chat-service] [           main] org.hibernate.orm.deprecation            : HHH90000025: PostgreSQLDialect does not need to be specified explicitly using 'hibernate.dialect' (remove the property setting and it will be selected by default)
2026-06-27T22:59:38.698+05:30  INFO 13040 --- [recruiter-chat-service] [           main] org.hibernate.orm.connections.pooling    : HHH10001005: Database info:
	Database JDBC URL [Connecting through datasource 'HikariDataSource (HikariPool-1)']
	Database driver: undefined/unknown
	Database version: 15.4
	Autocommit mode: undefined/unknown
	Isolation level: undefined/unknown
	Minimum pool size: undefined/unknown
	Maximum pool size: undefined/unknown
2026-06-27T23:00:01.829+05:30  INFO 13040 --- [recruiter-chat-service] [           main] o.h.e.t.j.p.i.JtaPlatformInitiator       : HHH000489: No JTA platform available (set 'hibernate.transaction.jta.platform' to enable JTA platform integration)
2026-06-27T23:00:02.621+05:30  INFO 13040 --- [recruiter-chat-service] [           main] j.LocalContainerEntityManagerFactoryBean : Initialized JPA EntityManagerFactory for persistence unit 'default'
2026-06-27T23:00:06.652+05:30  INFO 13040 --- [recruiter-chat-service] [           main] c.t.p.c.config.CircuitBreakerLogConfig   : [Resilience4j] Registering state transition listener for Circuit Breaker: ai-screening-service
2026-06-27T23:00:51.710+05:30  INFO 13040 --- [recruiter-chat-service] [           main] o.s.a.v.pgvector.PgVectorStore           : Using the vector table name: vector_store. Is empty: false
2026-06-27T23:00:51.755+05:30  INFO 13040 --- [recruiter-chat-service] [           main] o.s.a.v.pgvector.PgVectorStore           : Initializing PGVectorStore schema for table: vector_store in schema: public
2026-06-27T23:00:51.761+05:30  INFO 13040 --- [recruiter-chat-service] [           main] o.s.a.v.pgvector.PgVectorStore           : vectorTableValidationsEnabled false
2026-06-27T23:01:29.698+05:30  WARN 13040 --- [recruiter-chat-service] [           main] JpaBaseConfiguration$JpaWebConfiguration : spring.jpa.open-in-view is enabled by default. Therefore, database queries may be performed during view rendering. Explicitly configure spring.jpa.open-in-view to disable this warning
2026-06-27T23:01:34.818+05:30  INFO 13040 --- [recruiter-chat-service] [           main] o.s.c.openfeign.FeignClientFactoryBean   : For 'ai-screening-service' URL not provided. Will try picking an instance via load-balancing.
2026-06-27T23:01:35.922+05:30  INFO 13040 --- [recruiter-chat-service] [           main] o.s.c.openfeign.FeignClientFactoryBean   : For 'resume-management-service' URL not provided. Will try picking an instance via load-balancing.
2026-06-27T23:01:36.110+05:30  INFO 13040 --- [recruiter-chat-service] [           main] o.s.c.openfeign.FeignClientFactoryBean   : For 'candidate-ranking-service' URL not provided. Will try picking an instance via load-balancing.
2026-06-27T23:01:36.297+05:30  INFO 13040 --- [recruiter-chat-service] [           main] o.s.c.openfeign.FeignClientFactoryBean   : For 'job-description-service' URL not provided. Will try picking an instance via load-balancing.
2026-06-27T23:01:44.110+05:30  INFO 13040 --- [recruiter-chat-service] [           main] o.s.b.a.e.web.EndpointLinksResolver      : Exposing 4 endpoints beneath base path '/actuator'
2026-06-27T23:01:54.609+05:30  INFO 13040 --- [recruiter-chat-service] [           main] DiscoveryClientOptionalArgsConfiguration : Eureka HTTP Client uses RestTemplate.
2026-06-27T23:01:55.509+05:30  WARN 13040 --- [recruiter-chat-service] [           main] iguration$LoadBalancerCaffeineWarnLogger : Spring Cloud LoadBalancer is currently working with the default cache. While this cache implementation is useful for development and tests, it's recommended to use Caffeine cache in production.You can switch to using Caffeine cache, by adding it and org.springframework.cache.caffeine.CaffeineCacheManager to the classpath.
2026-06-27T23:01:56.156+05:30  INFO 13040 --- [recruiter-chat-service] [           main] o.s.c.n.eureka.InstanceInfoFactory       : Setting initial instance status as: STARTING
2026-06-27T23:01:56.404+05:30  INFO 13040 --- [recruiter-chat-service] [           main] com.netflix.discovery.DiscoveryClient    : Initializing Eureka in region us-east-1
2026-06-27T23:01:56.498+05:30  INFO 13040 --- [recruiter-chat-service] [           main] c.n.d.s.r.aws.ConfigClusterResolver      : Resolving eureka endpoints via configuration
2026-06-27T23:01:56.585+05:30  INFO 13040 --- [recruiter-chat-service] [           main] com.netflix.discovery.DiscoveryClient    : Disable delta property : false
2026-06-27T23:01:56.586+05:30  INFO 13040 --- [recruiter-chat-service] [           main] com.netflix.discovery.DiscoveryClient    : Single vip registry refresh property : null
2026-06-27T23:01:56.587+05:30  INFO 13040 --- [recruiter-chat-service] [           main] com.netflix.discovery.DiscoveryClient    : Force full registry fetch : false
2026-06-27T23:01:56.589+05:30  INFO 13040 --- [recruiter-chat-service] [           main] com.netflix.discovery.DiscoveryClient    : Application is null : false
2026-06-27T23:01:56.590+05:30  INFO 13040 --- [recruiter-chat-service] [           main] com.netflix.discovery.DiscoveryClient    : Registered Applications size is zero : true
2026-06-27T23:01:56.591+05:30  INFO 13040 --- [recruiter-chat-service] [           main] com.netflix.discovery.DiscoveryClient    : Application version is -1: true
2026-06-27T23:01:56.592+05:30  INFO 13040 --- [recruiter-chat-service] [           main] com.netflix.discovery.DiscoveryClient    : Getting all instance registry info from the eureka server
2026-06-27T23:01:59.841+05:30  INFO 13040 --- [recruiter-chat-service] [           main] com.netflix.discovery.DiscoveryClient    : The response status is 200
2026-06-27T23:01:59.867+05:30  INFO 13040 --- [recruiter-chat-service] [           main] com.netflix.discovery.DiscoveryClient    : Starting heartbeat executor: renew interval is: 30
2026-06-27T23:01:59.891+05:30  INFO 13040 --- [recruiter-chat-service] [           main] c.n.discovery.InstanceInfoReplicator     : InstanceInfoReplicator onDemand update allowed rate per min is 4
2026-06-27T23:01:59.904+05:30  INFO 13040 --- [recruiter-chat-service] [           main] com.netflix.discovery.DiscoveryClient    : Discovery Client initialized at timestamp 1782581519899 with initial instances count: 6
2026-06-27T23:02:00.026+05:30  INFO 13040 --- [recruiter-chat-service] [           main] o.s.c.n.e.s.EurekaServiceRegistry        : Registering application RECRUITER-CHAT-SERVICE with eureka with status UP
2026-06-27T23:02:00.029+05:30  INFO 13040 --- [recruiter-chat-service] [           main] com.netflix.discovery.DiscoveryClient    : Saw local status change event StatusChangeEvent [timestamp=1782581520029, current=UP, previous=STARTING]
2026-06-27T23:02:00.075+05:30  INFO 13040 --- [recruiter-chat-service] [foReplicator-%d] com.netflix.discovery.DiscoveryClient    : DiscoveryClient_RECRUITER-CHAT-SERVICE/PRIYANSHU-JAISWAL:recruiter-chat-service:8087: registering service...
2026-06-27T23:02:00.397+05:30  INFO 13040 --- [recruiter-chat-service] [           main] o.s.b.w.embedded.tomcat.TomcatWebServer  : Tomcat started on port 8087 (http) with context path '/'
2026-06-27T23:02:00.417+05:30  INFO 13040 --- [recruiter-chat-service] [           main] .s.c.n.e.s.EurekaAutoServiceRegistration : Updating port to 8087
2026-06-27T23:02:00.677+05:30  INFO 13040 --- [recruiter-chat-service] [foReplicator-%d] com.netflix.discovery.DiscoveryClient    : DiscoveryClient_RECRUITER-CHAT-SERVICE/PRIYANSHU-JAISWAL:recruiter-chat-service:8087 - registration status: 204
2026-06-27T23:02:04.147+05:30  INFO 13040 --- [recruiter-chat-service] [           main] o.a.k.clients.consumer.ConsumerConfig    : ConsumerConfig values: 
	allow.auto.create.topics = true
	auto.commit.interval.ms = 5000
	auto.include.jmx.reporter = true
	auto.offset.reset = latest
	bootstrap.servers = [localhost:9092]
	check.crcs = true
	client.dns.lookup = use_all_dns_ips
	client.id = consumer-recruiter-chat-delete-group-1
	client.rack = 
	connections.max.idle.ms = 540000
	default.api.timeout.ms = 60000
	enable.auto.commit = false
	enable.metrics.push = true
	exclude.internal.topics = true
	fetch.max.bytes = 52428800
	fetch.max.wait.ms = 500
	fetch.min.bytes = 1
	group.id = recruiter-chat-delete-group
	group.instance.id = null
	group.protocol = classic
	group.remote.assignor = null
	heartbeat.interval.ms = 3000
	interceptor.classes = []
	internal.leave.group.on.close = true
	internal.throw.on.fetch.stable.offset.unsupported = false
	isolation.level = read_uncommitted
	key.deserializer = class org.apache.kafka.common.serialization.StringDeserializer
	max.partition.fetch.bytes = 1048576
	max.poll.interval.ms = 300000
	max.poll.records = 500
	metadata.max.age.ms = 300000
	metadata.recovery.strategy = none
	metric.reporters = []
	metrics.num.samples = 2
	metrics.recording.level = INFO
	metrics.sample.window.ms = 30000
	partition.assignment.strategy = [class org.apache.kafka.clients.consumer.RangeAssignor, class org.apache.kafka.clients.consumer.CooperativeStickyAssignor]
	receive.buffer.bytes = 65536
	reconnect.backoff.max.ms = 1000
	reconnect.backoff.ms = 50
	request.timeout.ms = 30000
	retry.backoff.max.ms = 1000
	retry.backoff.ms = 100
	sasl.client.callback.handler.class = null
	sasl.jaas.config = null
	sasl.kerberos.kinit.cmd = /usr/bin/kinit
	sasl.kerberos.min.time.before.relogin = 60000
	sasl.kerberos.service.name = null
	sasl.kerberos.ticket.renew.jitter = 0.05
	sasl.kerberos.ticket.renew.window.factor = 0.8
	sasl.login.callback.handler.class = null
	sasl.login.class = null
	sasl.login.connect.timeout.ms = null
	sasl.login.read.timeout.ms = null
	sasl.login.refresh.buffer.seconds = 300
	sasl.login.refresh.min.period.seconds = 60
	sasl.login.refresh.window.factor = 0.8
	sasl.login.refresh.window.jitter = 0.05
	sasl.login.retry.backoff.max.ms = 10000
	sasl.login.retry.backoff.ms = 100
	sasl.mechanism = GSSAPI
	sasl.oauthbearer.clock.skew.seconds = 30
	sasl.oauthbearer.expected.audience = null
	sasl.oauthbearer.expected.issuer = null
	sasl.oauthbearer.jwks.endpoint.refresh.ms = 3600000
	sasl.oauthbearer.jwks.endpoint.retry.backoff.max.ms = 10000
	sasl.oauthbearer.jwks.endpoint.retry.backoff.ms = 100
	sasl.oauthbearer.jwks.endpoint.url = null
	sasl.oauthbearer.scope.claim.name = scope
	sasl.oauthbearer.sub.claim.name = sub
	sasl.oauthbearer.token.endpoint.url = null
	security.protocol = PLAINTEXT
	security.providers = null
	send.buffer.bytes = 131072
	session.timeout.ms = 45000
	socket.connection.setup.timeout.max.ms = 30000
	socket.connection.setup.timeout.ms = 10000
	ssl.cipher.suites = null
	ssl.enabled.protocols = [TLSv1.2, TLSv1.3]
	ssl.endpoint.identification.algorithm = https
	ssl.engine.factory.class = null
	ssl.key.password = null
	ssl.keymanager.algorithm = SunX509
	ssl.keystore.certificate.chain = null
	ssl.keystore.key = null
	ssl.keystore.location = null
	ssl.keystore.password = null
	ssl.keystore.type = JKS
	ssl.protocol = TLSv1.3
	ssl.provider = null
	ssl.secure.random.implementation = null
	ssl.trustmanager.algorithm = PKIX
	ssl.truststore.certificates = null
	ssl.truststore.location = null
	ssl.truststore.password = null
	ssl.truststore.type = JKS
	value.deserializer = class org.springframework.kafka.support.serializer.JsonDeserializer

2026-06-27T23:02:04.760+05:30  INFO 13040 --- [recruiter-chat-service] [           main] o.a.k.c.t.i.KafkaMetricsCollector        : initializing Kafka metrics collector
2026-06-27T23:02:05.368+05:30  INFO 13040 --- [recruiter-chat-service] [           main] o.a.kafka.common.utils.AppInfoParser     : Kafka version: 3.8.1
2026-06-27T23:02:05.369+05:30  INFO 13040 --- [recruiter-chat-service] [           main] o.a.kafka.common.utils.AppInfoParser     : Kafka commitId: 70d6ff42debf7e17
2026-06-27T23:02:05.370+05:30  INFO 13040 --- [recruiter-chat-service] [           main] o.a.kafka.common.utils.AppInfoParser     : Kafka startTimeMs: 1782581525363
2026-06-27T23:02:05.420+05:30  INFO 13040 --- [recruiter-chat-service] [           main] o.a.k.c.c.internals.LegacyKafkaConsumer  : [Consumer clientId=consumer-recruiter-chat-delete-group-1, groupId=recruiter-chat-delete-group] Subscribed to topic(s): resume-deleted
2026-06-27T23:02:05.681+05:30  INFO 13040 --- [recruiter-chat-service] [           main] c.t.p.c.RecruiterChatServiceApplication  : Started RecruiterChatServiceApplication in 271.625 seconds (process running for 276.232)
2026-06-27T23:02:08.800+05:30  INFO 13040 --- [recruiter-chat-service] [ntainer#0-0-C-1] org.apache.kafka.clients.Metadata        : [Consumer clientId=consumer-recruiter-chat-delete-group-1, groupId=recruiter-chat-delete-group] Cluster ID: jhM2pLIBS0a3lxdugEdPHQ
2026-06-27T23:02:08.803+05:30  INFO 13040 --- [recruiter-chat-service] [ntainer#0-0-C-1] o.a.k.c.c.internals.ConsumerCoordinator  : [Consumer clientId=consumer-recruiter-chat-delete-group-1, groupId=recruiter-chat-delete-group] Discovered group coordinator localhost:9092 (id: 2147483646 rack: null)
2026-06-27T23:02:08.825+05:30  INFO 13040 --- [recruiter-chat-service] [ntainer#0-0-C-1] o.a.k.c.c.internals.ConsumerCoordinator  : [Consumer clientId=consumer-recruiter-chat-delete-group-1, groupId=recruiter-chat-delete-group] (Re-)joining group
2026-06-27T23:02:08.929+05:30  INFO 13040 --- [recruiter-chat-service] [ntainer#0-0-C-1] o.a.k.c.c.internals.ConsumerCoordinator  : [Consumer clientId=consumer-recruiter-chat-delete-group-1, groupId=recruiter-chat-delete-group] Request joining group due to: need to re-join with the given member-id: consumer-recruiter-chat-delete-group-1-9f6ff61e-5f45-450f-87ed-3be15572dc4a
2026-06-27T23:02:08.930+05:30  INFO 13040 --- [recruiter-chat-service] [ntainer#0-0-C-1] o.a.k.c.c.internals.ConsumerCoordinator  : [Consumer clientId=consumer-recruiter-chat-delete-group-1, groupId=recruiter-chat-delete-group] (Re-)joining group
2026-06-27T23:02:09.311+05:30  INFO 13040 --- [recruiter-chat-service] [nio-8087-exec-1] o.a.c.c.C.[Tomcat].[localhost].[/]       : Initializing Spring DispatcherServlet 'dispatcherServlet'
2026-06-27T23:02:09.312+05:30  INFO 13040 --- [recruiter-chat-service] [nio-8087-exec-1] o.s.web.servlet.DispatcherServlet        : Initializing Servlet 'dispatcherServlet'
2026-06-27T23:02:09.320+05:30  INFO 13040 --- [recruiter-chat-service] [nio-8087-exec-1] o.s.web.servlet.DispatcherServlet        : Completed initialization in 6 ms
2026-06-27T23:02:11.953+05:30  INFO 13040 --- [recruiter-chat-service] [ntainer#0-0-C-1] o.a.k.c.c.internals.ConsumerCoordinator  : [Consumer clientId=consumer-recruiter-chat-delete-group-1, groupId=recruiter-chat-delete-group] Successfully joined group with generation Generation{generationId=43, memberId='consumer-recruiter-chat-delete-group-1-9f6ff61e-5f45-450f-87ed-3be15572dc4a', protocol='range'}
2026-06-27T23:02:12.034+05:30  INFO 13040 --- [recruiter-chat-service] [ntainer#0-0-C-1] o.a.k.c.c.internals.ConsumerCoordinator  : [Consumer clientId=consumer-recruiter-chat-delete-group-1, groupId=recruiter-chat-delete-group] Finished assignment for group at generation 43: {consumer-recruiter-chat-delete-group-1-9f6ff61e-5f45-450f-87ed-3be15572dc4a=Assignment(partitions=[resume-deleted-0])}
2026-06-27T23:02:12.097+05:30  INFO 13040 --- [recruiter-chat-service] [ntainer#0-0-C-1] o.a.k.c.c.internals.ConsumerCoordinator  : [Consumer clientId=consumer-recruiter-chat-delete-group-1, groupId=recruiter-chat-delete-group] Successfully synced group in generation Generation{generationId=43, memberId='consumer-recruiter-chat-delete-group-1-9f6ff61e-5f45-450f-87ed-3be15572dc4a', protocol='range'}
2026-06-27T23:02:12.099+05:30  INFO 13040 --- [recruiter-chat-service] [ntainer#0-0-C-1] o.a.k.c.c.internals.ConsumerCoordinator  : [Consumer clientId=consumer-recruiter-chat-delete-group-1, groupId=recruiter-chat-delete-group] Notifying assignor about the new Assignment(partitions=[resume-deleted-0])
2026-06-27T23:02:12.115+05:30  INFO 13040 --- [recruiter-chat-service] [ntainer#0-0-C-1] k.c.c.i.ConsumerRebalanceListenerInvoker : [Consumer clientId=consumer-recruiter-chat-delete-group-1, groupId=recruiter-chat-delete-group] Adding newly assigned partitions: resume-deleted-0
2026-06-27T23:02:12.273+05:30  INFO 13040 --- [recruiter-chat-service] [ntainer#0-0-C-1] o.a.k.c.c.internals.ConsumerUtils        : Setting offset for partition resume-deleted-0 to the committed offset FetchPosition{offset=4, offsetEpoch=Optional.empty, currentLeader=LeaderAndEpoch{leader=Optional[localhost:9092 (id: 1 rack: null)], epoch=0}}
2026-06-27T23:02:12.286+05:30  INFO 13040 --- [recruiter-chat-service] [ntainer#0-0-C-1] o.s.k.l.KafkaMessageListenerContainer    : recruiter-chat-delete-group: partitions assigned: [resume-deleted-0]
